0 info it worked if it ends with ok
1 verbose cli [
1 verbose cli   'D:\\20210115\\nodejs\\v14.15.4\\node.exe',
1 verbose cli   'D:\\20210115\\nodejs\\v14.15.4\\node_modules\\npm\\bin\\npm-cli.js',
1 verbose cli   'install'
1 verbose cli ]
2 info using npm@6.14.10
3 info using node@v14.15.4
4 verbose npm-session 8f2cf6b7ed6ceded
5 silly install runPreinstallTopLevelLifecycles
6 silly preinstall ipk-web@0.1.0
7 info lifecycle ipk-web@0.1.0~preinstall: ipk-web@0.1.0
8 silly install loadCurrentTree
9 silly install readLocalPackageData
10 timing stage:loadCurrentTree Completed in 4350ms
11 silly install loadIdealTree
12 silly install cloneCurrentTreeToIdealTree
13 timing stage:loadIdealTree:cloneCurrentTree Completed in 14ms
14 silly install loadShrinkwrap
15 timing stage:loadIdealTree:loadShrinkwrap Completed in 924ms
16 silly install loadAllDepsIntoIdealTree
17 http fetch GET 200 http://10.42.70.218/artifactory/api/npm/npm-local/@fubonlife%2fipk-api-axios-sdk 1201ms
18 silly fetchPackageMetaData error for @fubonlife/ipk-api-axios-sdk@1.2.1 No matching version found for @fubonlife/ipk-api-axios-sdk@1.2.1.
19 silly fetchPackageMetaData error for @fubonlife/ipk-api-axios-sdk@1.2.1 No matching version found for @fubonlife/ipk-api-axios-sdk@1.2.1.
20 timing stage:rollbackFailedOptional Completed in 0ms
21 timing stage:runTopLevelLifecycles Completed in 6541ms
22 silly saveTree ipk-web@0.1.0
22 silly saveTree +-- @typescript-eslint/eslint-plugin@2.34.0
22 silly saveTree | +-- @typescript-eslint/experimental-utils@2.34.0
22 silly saveTree | | +-- @types/json-schema@7.0.9
22 silly saveTree | | +-- @typescript-eslint/typescript-estree@2.34.0
22 silly saveTree | | | +-- debug@4.3.3
22 silly saveTree | | | | `-- ms@2.1.2
22 silly saveTree | | | +-- eslint-visitor-keys@1.3.0
22 silly saveTree | | | +-- glob@7.2.0
22 silly saveTree | | | | +-- fs.realpath@1.0.0
22 silly saveTree | | | | +-- inflight@1.0.6
22 silly saveTree | | | | | +-- once@1.4.0
22 silly saveTree | | | | | | `-- wrappy@1.0.2
22 silly saveTree | | | | | `-- wrappy@1.0.2
22 silly saveTree | | | | +-- inherits@2.0.4
22 silly saveTree | | | | +-- minimatch@3.0.4
22 silly saveTree | | | | | `-- brace-expansion@1.1.11
22 silly saveTree | | | | |   +-- balanced-match@1.0.2
22 silly saveTree | | | | |   `-- concat-map@0.0.1
22 silly saveTree | | | | +-- once@1.4.0
22 silly saveTree | | | | `-- path-is-absolute@1.0.1
22 silly saveTree | | | +-- is-glob@4.0.3
22 silly saveTree | | | | `-- is-extglob@2.1.1
22 silly saveTree | | | +-- lodash@4.17.21
22 silly saveTree | | | +-- semver@7.3.5
22 silly saveTree | | | | `-- lru-cache@6.0.0
22 silly saveTree | | | |   `-- yallist@4.0.0
22 silly saveTree | | | `-- tsutils@3.21.0
22 silly saveTree | | |   `-- tslib@1.14.1
22 silly saveTree | | +-- eslint-scope@5.1.1
22 silly saveTree | | | +-- esrecurse@4.3.0
22 silly saveTree | | | | `-- estraverse@5.3.0
22 silly saveTree | | | `-- estraverse@4.3.0
22 silly saveTree | | `-- eslint-utils@2.1.0
22 silly saveTree | +-- functional-red-black-tree@1.0.1
22 silly saveTree | +-- regexpp@3.2.0
22 silly saveTree | `-- tsutils@3.21.0
22 silly saveTree +-- @typescript-eslint/parser@2.34.0
22 silly saveTree | `-- @types/eslint-visitor-keys@1.0.0
22 silly saveTree +-- @vue/cli-plugin-babel@4.5.15
22 silly saveTree | +-- @babel/core@7.16.0
22 silly saveTree | | +-- @babel/code-frame@7.16.0
22 silly saveTree | | | `-- @babel/highlight@7.16.0
22 silly saveTree | | |   +-- @babel/helper-validator-identifier@7.15.7
22 silly saveTree | | |   +-- chalk@2.4.2
22 silly saveTree | | |   | +-- ansi-styles@3.2.1
22 silly saveTree | | |   | | `-- color-convert@1.9.3
22 silly saveTree | | |   | |   `-- color-name@1.1.3
22 silly saveTree | | |   | +-- escape-string-regexp@1.0.5
22 silly saveTree | | |   | `-- supports-color@5.5.0
22 silly saveTree | | |   |   `-- has-flag@3.0.0
22 silly saveTree | | |   `-- js-tokens@4.0.0
22 silly saveTree | | +-- @babel/generator@7.16.0
22 silly saveTree | | | +-- @babel/types@7.16.0
22 silly saveTree | | | | `-- to-fast-properties@2.0.0
22 silly saveTree | | | +-- jsesc@2.5.2
22 silly saveTree | | | `-- source-map@0.5.7
22 silly saveTree | | +-- @babel/helper-compilation-targets@7.16.3
22 silly saveTree | | | +-- @babel/compat-data@7.16.4
22 silly saveTree | | | +-- @babel/helper-validator-option@7.14.5
22 silly saveTree | | | +-- browserslist@4.18.1
22 silly saveTree | | | | +-- caniuse-lite@1.0.30001285
22 silly saveTree | | | | +-- electron-to-chromium@1.4.12
22 silly saveTree | | | | +-- escalade@3.1.1
22 silly saveTree | | | | +-- node-releases@2.0.1
22 silly saveTree | | | | `-- picocolors@1.0.0
22 silly saveTree | | | `-- semver@6.3.0
22 silly saveTree | | +-- @babel/helper-module-transforms@7.16.0
22 silly saveTree | | | +-- @babel/helper-module-imports@7.16.0
22 silly saveTree | | | +-- @babel/helper-replace-supers@7.16.0
22 silly saveTree | | | | +-- @babel/helper-member-expression-to-functions@7.16.0
22 silly saveTree | | | | +-- @babel/helper-optimise-call-expression@7.16.0
22 silly saveTree | | | | `-- @babel/traverse@7.16.3
22 silly saveTree | | | |   +-- @babel/helper-function-name@7.16.0
22 silly saveTree | | | |   | +-- @babel/helper-get-function-arity@7.16.0
22 silly saveTree | | | |   | `-- @babel/template@7.16.0
22 silly saveTree | | | |   |   `-- @babel/parser@7.16.4
22 silly saveTree | | | |   +-- @babel/helper-hoist-variables@7.16.0
22 silly saveTree | | | |   +-- @babel/helper-split-export-declaration@7.16.0
22 silly saveTree | | | |   +-- @babel/parser@7.16.4
22 silly saveTree | | | |   `-- globals@11.12.0
22 silly saveTree | | | +-- @babel/helper-simple-access@7.16.0
22 silly saveTree | | | +-- @babel/helper-split-export-declaration@7.16.0
22 silly saveTree | | | +-- @babel/template@7.16.0
22 silly saveTree | | | `-- @babel/traverse@7.16.3
22 silly saveTree | | +-- @babel/helpers@7.16.3
22 silly saveTree | | +-- @babel/parser@7.16.4
22 silly saveTree | | +-- @babel/template@7.16.0
22 silly saveTree | | +-- @babel/traverse@7.16.3
22 silly saveTree | | +-- @babel/types@7.16.0
22 silly saveTree | | +-- convert-source-map@1.8.0
22 silly saveTree | | | `-- safe-buffer@5.1.2
22 silly saveTree | | +-- gensync@1.0.0-beta.2
22 silly saveTree | | +-- json5@2.2.0
22 silly saveTree | | | `-- minimist@1.2.5
22 silly saveTree | | +-- semver@6.3.0
22 silly saveTree | | `-- source-map@0.5.7
22 silly saveTree | +-- @vue/babel-preset-app@4.5.15
22 silly saveTree | | +-- @babel/plugin-proposal-class-properties@7.16.0
22 silly saveTree | | | +-- @babel/helper-create-class-features-plugin@7.16.0
22 silly saveTree | | | | `-- @babel/helper-annotate-as-pure@7.16.0
22 silly saveTree | | | `-- @babel/helper-plugin-utils@7.14.5
22 silly saveTree | | +-- @babel/plugin-proposal-decorators@7.16.4
22 silly saveTree | | | `-- @babel/plugin-syntax-decorators@7.16.0
22 silly saveTree | | +-- @babel/plugin-syntax-dynamic-import@7.8.3
22 silly saveTree | | +-- @babel/plugin-syntax-jsx@7.16.0
22 silly saveTree | | +-- @babel/plugin-transform-runtime@7.16.4
22 silly saveTree | | | +-- babel-plugin-polyfill-corejs2@0.3.0
22 silly saveTree | | | | +-- @babel/helper-define-polyfill-provider@0.3.0
22 silly saveTree | | | | | +-- lodash.debounce@4.0.8
22 silly saveTree | | | | | +-- resolve@1.20.0
22 silly saveTree | | | | | | +-- is-core-module@2.8.0
22 silly saveTree | | | | | | | `-- has@1.0.3
22 silly saveTree | | | | | | |   `-- function-bind@1.1.1
22 silly saveTree | | | | | | `-- path-parse@1.0.7
22 silly saveTree | | | | | `-- semver@6.3.0
22 silly saveTree | | | | `-- semver@6.3.0
22 silly saveTree | | | +-- babel-plugin-polyfill-corejs3@0.4.0
22 silly saveTree | | | | `-- core-js-compat@3.19.3
22 silly saveTree | | | |   `-- semver@7.0.0
22 silly saveTree | | | +-- babel-plugin-polyfill-regenerator@0.3.0
22 silly saveTree | | | `-- semver@6.3.0
22 silly saveTree | | +-- @babel/preset-env@7.16.4
22 silly saveTree | | | +-- @babel/plugin-bugfix-safari-id-destructuring-collision-in-function-expression@7.16.2
22 silly saveTree | | | +-- @babel/plugin-bugfix-v8-spread-parameters-in-optional-chaining@7.16.0
22 silly saveTree | | | | +-- @babel/helper-skip-transparent-expression-wrappers@7.16.0
22 silly saveTree | | | | `-- @babel/plugin-proposal-optional-chaining@7.16.0
22 silly saveTree | | | |   `-- @babel/plugin-syntax-optional-chaining@7.8.3
22 silly saveTree | | | +-- @babel/plugin-proposal-async-generator-functions@7.16.4
22 silly saveTree | | | | +-- @babel/helper-remap-async-to-generator@7.16.4
22 silly saveTree | | | | | `-- @babel/helper-wrap-function@7.16.0
22 silly saveTree | | | | `-- @babel/plugin-syntax-async-generators@7.8.4
22 silly saveTree | | | +-- @babel/plugin-proposal-class-static-block@7.16.0
22 silly saveTree | | | | `-- @babel/plugin-syntax-class-static-block@7.14.5
22 silly saveTree | | | +-- @babel/plugin-proposal-dynamic-import@7.16.0
22 silly saveTree | | | +-- @babel/plugin-proposal-export-namespace-from@7.16.0
22 silly saveTree | | | | `-- @babel/plugin-syntax-export-namespace-from@7.8.3
22 silly saveTree | | | +-- @babel/plugin-proposal-json-strings@7.16.0
22 silly saveTree | | | | `-- @babel/plugin-syntax-json-strings@7.8.3
22 silly saveTree | | | +-- @babel/plugin-proposal-logical-assignment-operators@7.16.0
22 silly saveTree | | | | `-- @babel/plugin-syntax-logical-assignment-operators@7.10.4
22 silly saveTree | | | +-- @babel/plugin-proposal-nullish-coalescing-operator@7.16.0
22 silly saveTree | | | | `-- @babel/plugin-syntax-nullish-coalescing-operator@7.8.3
22 silly saveTree | | | +-- @babel/plugin-proposal-numeric-separator@7.16.0
22 silly saveTree | | | | `-- @babel/plugin-syntax-numeric-separator@7.10.4
22 silly saveTree | | | +-- @babel/plugin-proposal-object-rest-spread@7.16.0
22 silly saveTree | | | | +-- @babel/plugin-syntax-object-rest-spread@7.8.3
22 silly saveTree | | | | `-- @babel/plugin-transform-parameters@7.16.3
22 silly saveTree | | | +-- @babel/plugin-proposal-optional-catch-binding@7.16.0
22 silly saveTree | | | | `-- @babel/plugin-syntax-optional-catch-binding@7.8.3
22 silly saveTree | | | +-- @babel/plugin-proposal-optional-chaining@7.16.0
22 silly saveTree | | | +-- @babel/plugin-proposal-private-methods@7.16.0
22 silly saveTree | | | +-- @babel/plugin-proposal-private-property-in-object@7.16.0
22 silly saveTree | | | | `-- @babel/plugin-syntax-private-property-in-object@7.14.5
22 silly saveTree | | | +-- @babel/plugin-proposal-unicode-property-regex@7.16.0
22 silly saveTree | | | | `-- @babel/helper-create-regexp-features-plugin@7.16.0
22 silly saveTree | | | |   `-- regexpu-core@4.8.0
22 silly saveTree | | | |     +-- regenerate-unicode-properties@9.0.0
22 silly saveTree | | | |     | `-- regenerate@1.4.2
22 silly saveTree | | | |     +-- regenerate@1.4.2
22 silly saveTree | | | |     +-- regjsgen@0.5.2
22 silly saveTree | | | |     +-- regjsparser@0.7.0
22 silly saveTree | | | |     | `-- jsesc@0.5.0
22 silly saveTree | | | |     +-- unicode-match-property-ecmascript@2.0.0
22 silly saveTree | | | |     | +-- unicode-canonical-property-names-ecmascript@2.0.0
22 silly saveTree | | | |     | `-- unicode-property-aliases-ecmascript@2.0.0
22 silly saveTree | | | |     `-- unicode-match-property-value-ecmascript@2.0.0
22 silly saveTree | | | +-- @babel/plugin-syntax-async-generators@7.8.4
22 silly saveTree | | | +-- @babel/plugin-syntax-class-properties@7.12.13
22 silly saveTree | | | +-- @babel/plugin-syntax-class-static-block@7.14.5
22 silly saveTree | | | +-- @babel/plugin-syntax-export-namespace-from@7.8.3
22 silly saveTree | | | +-- @babel/plugin-syntax-json-strings@7.8.3
22 silly saveTree | | | +-- @babel/plugin-syntax-logical-assignment-operators@7.10.4
22 silly saveTree | | | +-- @babel/plugin-syntax-nullish-coalescing-operator@7.8.3
22 silly saveTree | | | +-- @babel/plugin-syntax-numeric-separator@7.10.4
22 silly saveTree | | | +-- @babel/plugin-syntax-object-rest-spread@7.8.3
22 silly saveTree | | | +-- @babel/plugin-syntax-optional-catch-binding@7.8.3
22 silly saveTree | | | +-- @babel/plugin-syntax-optional-chaining@7.8.3
22 silly saveTree | | | +-- @babel/plugin-syntax-private-property-in-object@7.14.5
22 silly saveTree | | | +-- @babel/plugin-syntax-top-level-await@7.14.5
22 silly saveTree | | | +-- @babel/plugin-transform-arrow-functions@7.16.0
22 silly saveTree | | | +-- @babel/plugin-transform-async-to-generator@7.16.0
22 silly saveTree | | | +-- @babel/plugin-transform-block-scoped-functions@7.16.0
22 silly saveTree | | | +-- @babel/plugin-transform-block-scoping@7.16.0
22 silly saveTree | | | +-- @babel/plugin-transform-classes@7.16.0
22 silly saveTree | | | +-- @babel/plugin-transform-computed-properties@7.16.0
22 silly saveTree | | | +-- @babel/plugin-transform-destructuring@7.16.0
22 silly saveTree | | | +-- @babel/plugin-transform-dotall-regex@7.16.0
22 silly saveTree | | | +-- @babel/plugin-transform-duplicate-keys@7.16.0
22 silly saveTree | | | +-- @babel/plugin-transform-exponentiation-operator@7.16.0
22 silly saveTree | | | | `-- @babel/helper-builder-binary-assignment-operator-visitor@7.16.0
22 silly saveTree | | | |   `-- @babel/helper-explode-assignable-expression@7.16.0
22 silly saveTree | | | +-- @babel/plugin-transform-for-of@7.16.0
22 silly saveTree | | | +-- @babel/plugin-transform-function-name@7.16.0
22 silly saveTree | | | +-- @babel/plugin-transform-literals@7.16.0
22 silly saveTree | | | +-- @babel/plugin-transform-member-expression-literals@7.16.0
22 silly saveTree | | | +-- @babel/plugin-transform-modules-amd@7.16.0
22 silly saveTree | | | | `-- babel-plugin-dynamic-import-node@2.3.3
22 silly saveTree | | | |   `-- object.assign@4.1.2
22 silly saveTree | | | |     +-- call-bind@1.0.2
22 silly saveTree | | | |     | `-- get-intrinsic@1.1.1
22 silly saveTree | | | |     |   `-- has-symbols@1.0.2
22 silly saveTree | | | |     +-- define-properties@1.1.3
22 silly saveTree | | | |     | `-- object-keys@1.1.1
22 silly saveTree | | | |     +-- has-symbols@1.0.2
22 silly saveTree | | | |     `-- object-keys@1.1.1
22 silly saveTree | | | +-- @babel/plugin-transform-modules-commonjs@7.16.0
22 silly saveTree | | | +-- @babel/plugin-transform-modules-systemjs@7.16.0
22 silly saveTree | | | +-- @babel/plugin-transform-modules-umd@7.16.0
22 silly saveTree | | | +-- @babel/plugin-transform-named-capturing-groups-regex@7.16.0
22 silly saveTree | | | +-- @babel/plugin-transform-new-target@7.16.0
22 silly saveTree | | | +-- @babel/plugin-transform-object-super@7.16.0
22 silly saveTree | | | +-- @babel/plugin-transform-parameters@7.16.3
22 silly saveTree | | | +-- @babel/plugin-transform-property-literals@7.16.0
22 silly saveTree | | | +-- @babel/plugin-transform-regenerator@7.16.0
22 silly saveTree | | | | `-- regenerator-transform@0.14.5
22 silly saveTree | | | |   `-- @babel/runtime@7.16.3
22 silly saveTree | | | |     `-- regenerator-runtime@0.13.9
22 silly saveTree | | | +-- @babel/plugin-transform-reserved-words@7.16.0
22 silly saveTree | | | +-- @babel/plugin-transform-shorthand-properties@7.16.0
22 silly saveTree | | | +-- @babel/plugin-transform-spread@7.16.0
22 silly saveTree | | | +-- @babel/plugin-transform-sticky-regex@7.16.0
22 silly saveTree | | | +-- @babel/plugin-transform-template-literals@7.16.0
22 silly saveTree | | | +-- @babel/plugin-transform-typeof-symbol@7.16.0
22 silly saveTree | | | +-- @babel/plugin-transform-unicode-escapes@7.16.0
22 silly saveTree | | | +-- @babel/plugin-transform-unicode-regex@7.16.0
22 silly saveTree | | | +-- @babel/preset-modules@0.1.5
22 silly saveTree | | | | `-- esutils@2.0.3
22 silly saveTree | | | `-- semver@6.3.0
22 silly saveTree | | +-- @babel/runtime@7.16.3
22 silly saveTree | | +-- @vue/babel-plugin-jsx@1.1.1
22 silly saveTree | | | +-- @vue/babel-helper-vue-transform-on@1.0.2
22 silly saveTree | | | +-- camelcase@6.2.1
22 silly saveTree | | | +-- html-tags@3.1.0
22 silly saveTree | | | `-- svg-tags@1.0.0
22 silly saveTree | | +-- @vue/babel-preset-jsx@1.2.4
22 silly saveTree | | | +-- @vue/babel-helper-vue-jsx-merge-props@1.2.1
22 silly saveTree | | | +-- @vue/babel-plugin-transform-vue-jsx@1.2.1
22 silly saveTree | | | | +-- html-tags@2.0.0
22 silly saveTree | | | | `-- lodash.kebabcase@4.1.1
22 silly saveTree | | | +-- @vue/babel-sugar-composition-api-inject-h@1.2.1
22 silly saveTree | | | +-- @vue/babel-sugar-composition-api-render-instance@1.2.4
22 silly saveTree | | | +-- @vue/babel-sugar-functional-vue@1.2.2
22 silly saveTree | | | +-- @vue/babel-sugar-inject-h@1.2.2
22 silly saveTree | | | +-- @vue/babel-sugar-v-model@1.2.3
22 silly saveTree | | | | +-- camelcase@5.3.1
22 silly saveTree | | | | `-- html-tags@2.0.0
22 silly saveTree | | | `-- @vue/babel-sugar-v-on@1.2.3
22 silly saveTree | | |   `-- camelcase@5.3.1
22 silly saveTree | | +-- babel-plugin-dynamic-import-node@2.3.3
22 silly saveTree | | +-- core-js-compat@3.19.3
22 silly saveTree | | +-- core-js@3.19.3
22 silly saveTree | | `-- semver@6.3.0
22 silly saveTree | +-- @vue/cli-shared-utils@4.5.15
22 silly saveTree | | +-- @hapi/joi@15.1.1
22 silly saveTree | | | +-- @hapi/address@2.1.4
22 silly saveTree | | | +-- @hapi/bourne@1.3.2
22 silly saveTree | | | +-- @hapi/hoek@8.5.1
22 silly saveTree | | | `-- @hapi/topo@3.1.6
22 silly saveTree | | +-- execa@1.0.0
22 silly saveTree | | | +-- cross-spawn@6.0.5
22 silly saveTree | | | | +-- nice-try@1.0.5
22 silly saveTree | | | | +-- path-key@2.0.1
22 silly saveTree | | | | +-- semver@5.7.1
22 silly saveTree | | | | +-- shebang-command@1.2.0
22 silly saveTree | | | | | `-- shebang-regex@1.0.0
22 silly saveTree | | | | `-- which@1.3.1
22 silly saveTree | | | |   `-- isexe@2.0.0
22 silly saveTree | | | +-- get-stream@4.1.0
22 silly saveTree | | | | `-- pump@3.0.0
22 silly saveTree | | | |   `-- end-of-stream@1.4.4
22 silly saveTree | | | +-- is-stream@1.1.0
22 silly saveTree | | | +-- npm-run-path@2.0.2
22 silly saveTree | | | +-- p-finally@1.0.0
22 silly saveTree | | | +-- signal-exit@3.0.6
22 silly saveTree | | | `-- strip-eof@1.0.0
22 silly saveTree | | +-- launch-editor@2.2.1
22 silly saveTree | | | `-- shell-quote@1.7.3
22 silly saveTree | | +-- lru-cache@5.1.1
22 silly saveTree | | | `-- yallist@3.1.1
22 silly saveTree | | +-- node-ipc@9.2.1
22 silly saveTree | | | +-- event-pubsub@4.3.0
22 silly saveTree | | | +-- js-message@1.0.7
22 silly saveTree | | | `-- js-queue@2.0.2
22 silly saveTree | | |   `-- easy-stack@1.0.1
22 silly saveTree | | +-- open@6.4.0
22 silly saveTree | | | `-- is-wsl@1.1.0
22 silly saveTree | | +-- ora@3.4.0
22 silly saveTree | | | +-- cli-cursor@2.1.0
22 silly saveTree | | | | `-- restore-cursor@2.0.0
22 silly saveTree | | | |   `-- onetime@2.0.1
22 silly saveTree | | | |     `-- mimic-fn@1.2.0
22 silly saveTree | | | +-- cli-spinners@2.6.1
22 silly saveTree | | | +-- log-symbols@2.2.0
22 silly saveTree | | | +-- strip-ansi@5.2.0
22 silly saveTree | | | | `-- ansi-regex@4.1.0
22 silly saveTree | | | `-- wcwidth@1.0.1
22 silly saveTree | | |   `-- defaults@1.0.3
22 silly saveTree | | |     `-- clone@1.0.4
22 silly saveTree | | +-- read-pkg@5.2.0
22 silly saveTree | | | +-- @types/normalize-package-data@2.4.1
22 silly saveTree | | | +-- normalize-package-data@2.5.0
22 silly saveTree | | | | +-- hosted-git-info@2.8.9
22 silly saveTree | | | | `-- validate-npm-package-license@3.0.4
22 silly saveTree | | | |   +-- spdx-correct@3.1.1
22 silly saveTree | | | |   | +-- spdx-expression-parse@3.0.1
22 silly saveTree | | | |   | | +-- spdx-exceptions@2.3.0
22 silly saveTree | | | |   | | `-- spdx-license-ids@3.0.11
22 silly saveTree | | | |   | `-- spdx-license-ids@3.0.11
22 silly saveTree | | | |   `-- spdx-expression-parse@3.0.1
22 silly saveTree | | | +-- parse-json@5.2.0
22 silly saveTree | | | | +-- error-ex@1.3.2
22 silly saveTree | | | | | `-- is-arrayish@0.2.1
22 silly saveTree | | | | +-- json-parse-even-better-errors@2.3.1
22 silly saveTree | | | | `-- lines-and-columns@1.2.4
22 silly saveTree | | | `-- type-fest@0.6.0
22 silly saveTree | | +-- request@2.88.2
22 silly saveTree | | | +-- aws-sign2@0.7.0
22 silly saveTree | | | +-- aws4@1.11.0
22 silly saveTree | | | +-- caseless@0.12.0
22 silly saveTree | | | +-- combined-stream@1.0.8
22 silly saveTree | | | | `-- delayed-stream@1.0.0
22 silly saveTree | | | +-- extend@3.0.2
22 silly saveTree | | | +-- forever-agent@0.6.1
22 silly saveTree | | | +-- form-data@2.3.3
22 silly saveTree | | | | +-- asynckit@0.4.0
22 silly saveTree | | | | `-- mime-types@2.1.34
22 silly saveTree | | | |   `-- mime-db@1.51.0
22 silly saveTree | | | +-- har-validator@5.1.5
22 silly saveTree | | | | +-- ajv@6.12.6
22 silly saveTree | | | | | +-- fast-deep-equal@3.1.3
22 silly saveTree | | | | | +-- fast-json-stable-stringify@2.1.0
22 silly saveTree | | | | | +-- json-schema-traverse@0.4.1
22 silly saveTree | | | | | `-- uri-js@4.4.1
22 silly saveTree | | | | |   `-- punycode@2.1.1
22 silly saveTree | | | | `-- har-schema@2.0.0
22 silly saveTree | | | +-- http-signature@1.2.0
22 silly saveTree | | | | +-- assert-plus@1.0.0
22 silly saveTree | | | | +-- jsprim@1.4.2
22 silly saveTree | | | | | +-- extsprintf@1.3.0
22 silly saveTree | | | | | +-- json-schema@0.4.0
22 silly saveTree | | | | | `-- verror@1.10.0
22 silly saveTree | | | | |   `-- core-util-is@1.0.2
22 silly saveTree | | | | `-- sshpk@1.16.1
22 silly saveTree | | | |   +-- asn1@0.2.6
22 silly saveTree | | | |   | `-- safer-buffer@2.1.2
22 silly saveTree | | | |   +-- bcrypt-pbkdf@1.0.2
22 silly saveTree | | | |   | `-- tweetnacl@0.14.5
22 silly saveTree | | | |   +-- dashdash@1.14.1
22 silly saveTree | | | |   +-- ecc-jsbn@0.1.2
22 silly saveTree | | | |   | `-- jsbn@0.1.1
22 silly saveTree | | | |   +-- getpass@0.1.7
22 silly saveTree | | | |   +-- jsbn@0.1.1
22 silly saveTree | | | |   +-- safer-buffer@2.1.2
22 silly saveTree | | | |   `-- tweetnacl@0.14.5
22 silly saveTree | | | +-- is-typedarray@1.0.0
22 silly saveTree | | | +-- isstream@0.1.2
22 silly saveTree | | | +-- json-stringify-safe@5.0.1
22 silly saveTree | | | +-- mime-types@2.1.34
22 silly saveTree | | | +-- oauth-sign@0.9.0
22 silly saveTree | | | +-- performance-now@2.1.0
22 silly saveTree | | | +-- qs@6.5.2
22 silly saveTree | | | +-- safe-buffer@5.2.1
22 silly saveTree | | | +-- tough-cookie@2.5.0
22 silly saveTree | | | | `-- psl@1.8.0
22 silly saveTree | | | +-- tunnel-agent@0.6.0
22 silly saveTree | | | `-- uuid@3.4.0
22 silly saveTree | | +-- semver@6.3.0
22 silly saveTree | | `-- strip-ansi@6.0.1
22 silly saveTree | |   `-- ansi-regex@5.0.1
22 silly saveTree | +-- babel-loader@8.2.3
22 silly saveTree | | +-- find-cache-dir@3.3.2
22 silly saveTree | | | +-- commondir@1.0.1
22 silly saveTree | | | +-- make-dir@3.1.0
22 silly saveTree | | | | `-- semver@6.3.0
22 silly saveTree | | | `-- pkg-dir@4.2.0
22 silly saveTree | | |   `-- find-up@4.1.0
22 silly saveTree | | |     +-- locate-path@5.0.0
22 silly saveTree | | |     | `-- p-locate@4.1.0
22 silly saveTree | | |     |   `-- p-limit@2.3.0
22 silly saveTree | | |     |     `-- p-try@2.2.0
22 silly saveTree | | |     `-- path-exists@4.0.0
22 silly saveTree | | +-- loader-utils@1.4.0
22 silly saveTree | | | +-- big.js@5.2.2
22 silly saveTree | | | +-- emojis-list@3.0.0
22 silly saveTree | | | `-- json5@1.0.1
22 silly saveTree | | +-- make-dir@3.1.0
22 silly saveTree | | `-- schema-utils@2.7.1
22 silly saveTree | |   `-- ajv-keywords@3.5.2
22 silly saveTree | +-- cache-loader@4.1.0
22 silly saveTree | | +-- buffer-json@2.0.0
22 silly saveTree | | +-- mkdirp@0.5.5
22 silly saveTree | | `-- neo-async@2.6.2
22 silly saveTree | +-- thread-loader@2.1.3
22 silly saveTree | | `-- loader-runner@2.4.0
22 silly saveTree | `-- webpack@4.46.0
22 silly saveTree |   +-- @webassemblyjs/ast@1.9.0
22 silly saveTree |   | +-- @webassemblyjs/helper-module-context@1.9.0
22 silly saveTree |   | +-- @webassemblyjs/helper-wasm-bytecode@1.9.0
22 silly saveTree |   | `-- @webassemblyjs/wast-parser@1.9.0
22 silly saveTree |   |   +-- @webassemblyjs/floating-point-hex-parser@1.9.0
22 silly saveTree |   |   +-- @webassemblyjs/helper-api-error@1.9.0
22 silly saveTree |   |   +-- @webassemblyjs/helper-code-frame@1.9.0
22 silly saveTree |   |   | `-- @webassemblyjs/wast-printer@1.9.0
22 silly saveTree |   |   |   `-- @xtuc/long@4.2.2
22 silly saveTree |   |   +-- @webassemblyjs/helper-fsm@1.9.0
22 silly saveTree |   |   `-- @xtuc/long@4.2.2
22 silly saveTree |   +-- @webassemblyjs/helper-module-context@1.9.0
22 silly saveTree |   +-- @webassemblyjs/wasm-edit@1.9.0
22 silly saveTree |   | +-- @webassemblyjs/helper-buffer@1.9.0
22 silly saveTree |   | +-- @webassemblyjs/helper-wasm-section@1.9.0
22 silly saveTree |   | | `-- @webassemblyjs/wasm-gen@1.9.0
22 silly saveTree |   | |   +-- @webassemblyjs/ieee754@1.9.0
22 silly saveTree |   | |   | `-- @xtuc/ieee754@1.2.0
22 silly saveTree |   | |   +-- @webassemblyjs/leb128@1.9.0
22 silly saveTree |   | |   `-- @webassemblyjs/utf8@1.9.0
22 silly saveTree |   | +-- @webassemblyjs/wasm-gen@1.9.0
22 silly saveTree |   | +-- @webassemblyjs/wasm-opt@1.9.0
22 silly saveTree |   | | `-- @webassemblyjs/wasm-parser@1.9.0
22 silly saveTree |   | `-- @webassemblyjs/wasm-parser@1.9.0
22 silly saveTree |   +-- @webassemblyjs/wasm-parser@1.9.0
22 silly saveTree |   +-- acorn@6.4.2
22 silly saveTree |   +-- chrome-trace-event@1.0.3
22 silly saveTree |   +-- enhanced-resolve@4.5.0
22 silly saveTree |   | +-- graceful-fs@4.2.8
22 silly saveTree |   | +-- memory-fs@0.5.0
22 silly saveTree |   | | +-- errno@0.1.8
22 silly saveTree |   | | | `-- prr@1.0.1
22 silly saveTree |   | | `-- readable-stream@2.3.7
22 silly saveTree |   | |   +-- isarray@1.0.0
22 silly saveTree |   | |   +-- process-nextick-args@2.0.1
22 silly saveTree |   | |   +-- safe-buffer@5.1.2
22 silly saveTree |   | |   +-- string_decoder@1.1.1
22 silly saveTree |   | |   | `-- safe-buffer@5.1.2
22 silly saveTree |   | |   `-- util-deprecate@1.0.2
22 silly saveTree |   | `-- tapable@1.1.3
22 silly saveTree |   +-- eslint-scope@4.0.3
22 silly saveTree |   +-- json-parse-better-errors@1.0.2
22 silly saveTree |   +-- memory-fs@0.4.1
22 silly saveTree |   +-- micromatch@3.1.10
22 silly saveTree |   | +-- arr-diff@4.0.0
22 silly saveTree |   | +-- array-unique@0.3.2
22 silly saveTree |   | +-- braces@2.3.2
22 silly saveTree |   | | +-- arr-flatten@1.1.0
22 silly saveTree |   | | +-- extend-shallow@2.0.1
22 silly saveTree |   | | | `-- is-extendable@0.1.1
22 silly saveTree |   | | +-- fill-range@4.0.0
22 silly saveTree |   | | | +-- extend-shallow@2.0.1
22 silly saveTree |   | | | +-- is-number@3.0.0
22 silly saveTree |   | | | | `-- kind-of@3.2.2
22 silly saveTree |   | | | |   `-- is-buffer@1.1.6
22 silly saveTree |   | | | +-- repeat-string@1.6.1
22 silly saveTree |   | | | `-- to-regex-range@2.1.1
22 silly saveTree |   | | +-- isobject@3.0.1
22 silly saveTree |   | | +-- repeat-element@1.1.4
22 silly saveTree |   | | +-- snapdragon-node@2.1.1
22 silly saveTree |   | | | +-- define-property@1.0.0
22 silly saveTree |   | | | | `-- is-descriptor@1.0.2
22 silly saveTree |   | | | |   +-- is-accessor-descriptor@1.0.0
22 silly saveTree |   | | | |   | `-- kind-of@6.0.3
22 silly saveTree |   | | | |   +-- is-data-descriptor@1.0.0
22 silly saveTree |   | | | |   `-- kind-of@6.0.3
22 silly saveTree |   | | | `-- snapdragon-util@3.0.1
22 silly saveTree |   | | |   `-- kind-of@3.2.2
22 silly saveTree |   | | +-- snapdragon@0.8.2
22 silly saveTree |   | | | +-- base@0.11.2
22 silly saveTree |   | | | | +-- cache-base@1.0.1
22 silly saveTree |   | | | | | +-- collection-visit@1.0.0
22 silly saveTree |   | | | | | | +-- map-visit@1.0.0
22 silly saveTree |   | | | | | | | `-- object-visit@1.0.1
22 silly saveTree |   | | | | | | `-- object-visit@1.0.1
22 silly saveTree |   | | | | | +-- component-emitter@1.3.0
22 silly saveTree |   | | | | | +-- get-value@2.0.6
22 silly saveTree |   | | | | | +-- has-value@1.0.0
22 silly saveTree |   | | | | | | `-- has-values@1.0.0
22 silly saveTree |   | | | | | |   `-- kind-of@4.0.0
22 silly saveTree |   | | | | | +-- set-value@2.0.1
22 silly saveTree |   | | | | | | +-- extend-shallow@2.0.1
22 silly saveTree |   | | | | | | +-- is-plain-object@2.0.4
22 silly saveTree |   | | | | | | `-- split-string@3.1.0
22 silly saveTree |   | | | | | |   `-- extend-shallow@3.0.2
22 silly saveTree |   | | | | | |     +-- assign-symbols@1.0.0
22 silly saveTree |   | | | | | |     `-- is-extendable@1.0.1
22 silly saveTree |   | | | | | +-- to-object-path@0.3.0
22 silly saveTree |   | | | | | | `-- kind-of@3.2.2
22 silly saveTree |   | | | | | +-- union-value@1.0.1
22 silly saveTree |   | | | | | | `-- arr-union@3.1.0
22 silly saveTree |   | | | | | `-- unset-value@1.0.0
22 silly saveTree |   | | | | |   `-- has-value@0.3.1
22 silly saveTree |   | | | | |     +-- has-values@0.1.4
22 silly saveTree |   | | | | |     `-- isobject@2.1.0
22 silly saveTree |   | | | | +-- class-utils@0.3.6
22 silly saveTree |   | | | | | +-- define-property@0.2.5
22 silly saveTree |   | | | | | | `-- is-descriptor@0.1.6
22 silly saveTree |   | | | | | |   +-- is-accessor-descriptor@0.1.6
22 silly saveTree |   | | | | | |   | `-- kind-of@3.2.2
22 silly saveTree |   | | | | | |   +-- is-data-descriptor@0.1.4
22 silly saveTree |   | | | | | |   | `-- kind-of@3.2.2
22 silly saveTree |   | | | | | |   `-- kind-of@5.1.0
22 silly saveTree |   | | | | | `-- static-extend@0.1.2
22 silly saveTree |   | | | | |   +-- define-property@0.2.5
22 silly saveTree |   | | | | |   `-- object-copy@0.1.0
22 silly saveTree |   | | | | |     +-- copy-descriptor@0.1.1
22 silly saveTree |   | | | | |     +-- define-property@0.2.5
22 silly saveTree |   | | | | |     `-- kind-of@3.2.2
22 silly saveTree |   | | | | +-- component-emitter@1.3.0
22 silly saveTree |   | | | | +-- define-property@1.0.0
22 silly saveTree |   | | | | | `-- is-descriptor@1.0.2
22 silly saveTree |   | | | | |   +-- is-accessor-descriptor@1.0.0
22 silly saveTree |   | | | | |   `-- is-data-descriptor@1.0.0
22 silly saveTree |   | | | | +-- mixin-deep@1.3.2
22 silly saveTree |   | | | | | +-- for-in@1.0.2
22 silly saveTree |   | | | | | `-- is-extendable@1.0.1
22 silly saveTree |   | | | | `-- pascalcase@0.1.1
22 silly saveTree |   | | | +-- debug@2.6.9
22 silly saveTree |   | | | | `-- ms@2.0.0
22 silly saveTree |   | | | +-- define-property@0.2.5
22 silly saveTree |   | | | +-- extend-shallow@2.0.1
22 silly saveTree |   | | | +-- map-cache@0.2.2
22 silly saveTree |   | | | +-- source-map-resolve@0.5.3
22 silly saveTree |   | | | | +-- atob@2.1.2
22 silly saveTree |   | | | | +-- decode-uri-component@0.2.0
22 silly saveTree |   | | | | +-- resolve-url@0.2.1
22 silly saveTree |   | | | | +-- source-map-url@0.4.1
22 silly saveTree |   | | | | `-- urix@0.1.0
22 silly saveTree |   | | | `-- use@3.1.1
22 silly saveTree |   | | +-- split-string@3.1.0
22 silly saveTree |   | | `-- to-regex@3.0.2
22 silly saveTree |   | |   +-- define-property@2.0.2
22 silly saveTree |   | |   | `-- is-descriptor@1.0.2
22 silly saveTree |   | |   |   +-- is-accessor-descriptor@1.0.0
22 silly saveTree |   | |   |   `-- is-data-descriptor@1.0.0
22 silly saveTree |   | |   +-- regex-not@1.0.2
22 silly saveTree |   | |   | `-- safe-regex@1.1.0
22 silly saveTree |   | |   |   `-- ret@0.1.15
22 silly saveTree |   | |   `-- safe-regex@1.1.0
22 silly saveTree |   | +-- define-property@2.0.2
22 silly saveTree |   | +-- extend-shallow@3.0.2
22 silly saveTree |   | +-- extglob@2.0.4
22 silly saveTree |   | | +-- define-property@1.0.0
22 silly saveTree |   | | | `-- is-descriptor@1.0.2
22 silly saveTree |   | | |   +-- is-accessor-descriptor@1.0.0
22 silly saveTree |   | | |   `-- is-data-descriptor@1.0.0
22 silly saveTree |   | | +-- expand-brackets@2.1.4
22 silly saveTree |   | | | +-- debug@2.6.9
22 silly saveTree |   | | | | `-- ms@2.0.0
22 silly saveTree |   | | | +-- define-property@0.2.5
22 silly saveTree |   | | | +-- extend-shallow@2.0.1
22 silly saveTree |   | | | `-- posix-character-classes@0.1.1
22 silly saveTree |   | | +-- extend-shallow@2.0.1
22 silly saveTree |   | | `-- fragment-cache@0.2.1
22 silly saveTree |   | +-- fragment-cache@0.2.1
22 silly saveTree |   | +-- kind-of@6.0.3
22 silly saveTree |   | +-- nanomatch@1.2.13
22 silly saveTree |   | | +-- is-windows@1.0.2
22 silly saveTree |   | | `-- object.pick@1.3.0
22 silly saveTree |   | +-- object.pick@1.3.0
22 silly saveTree |   | +-- regex-not@1.0.2
22 silly saveTree |   | +-- snapdragon@0.8.2
22 silly saveTree |   | `-- to-regex@3.0.2
22 silly saveTree |   +-- node-libs-browser@2.2.1
22 silly saveTree |   | +-- assert@1.5.0
22 silly saveTree |   | | +-- object-assign@4.1.1
22 silly saveTree |   | | `-- util@0.10.3
22 silly saveTree |   | |   `-- inherits@2.0.1
22 silly saveTree |   | +-- browserify-zlib@0.2.0
22 silly saveTree |   | | `-- pako@1.0.11
22 silly saveTree |   | +-- buffer@4.9.2
22 silly saveTree |   | | +-- base64-js@1.5.1
22 silly saveTree |   | | `-- ieee754@1.2.1
22 silly saveTree |   | +-- console-browserify@1.2.0
22 silly saveTree |   | +-- constants-browserify@1.0.0
22 silly saveTree |   | +-- crypto-browserify@3.12.0
22 silly saveTree |   | | +-- browserify-cipher@1.0.1
22 silly saveTree |   | | | +-- browserify-aes@1.2.0
22 silly saveTree |   | | | | +-- buffer-xor@1.0.3
22 silly saveTree |   | | | | +-- cipher-base@1.0.4
22 silly saveTree |   | | | | +-- create-hash@1.2.0
22 silly saveTree |   | | | | | +-- md5.js@1.3.5
22 silly saveTree |   | | | | | | `-- hash-base@3.1.0
22 silly saveTree |   | | | | | |   `-- readable-stream@3.6.0
22 silly saveTree |   | | | | | +-- ripemd160@2.0.2
22 silly saveTree |   | | | | | `-- sha.js@2.4.11
22 silly saveTree |   | | | | `-- evp_bytestokey@1.0.3
22 silly saveTree |   | | | +-- browserify-des@1.0.2
22 silly saveTree |   | | | | `-- des.js@1.0.1
22 silly saveTree |   | | | |   `-- minimalistic-assert@1.0.1
22 silly saveTree |   | | | `-- evp_bytestokey@1.0.3
22 silly saveTree |   | | +-- browserify-sign@4.2.1
22 silly saveTree |   | | | +-- bn.js@5.2.0
22 silly saveTree |   | | | +-- browserify-rsa@4.1.0
22 silly saveTree |   | | | | `-- randombytes@2.1.0
22 silly saveTree |   | | | +-- create-hmac@1.1.7
22 silly saveTree |   | | | +-- elliptic@6.5.4
22 silly saveTree |   | | | | +-- bn.js@4.12.0
22 silly saveTree |   | | | | +-- brorand@1.1.0
22 silly saveTree |   | | | | +-- hash.js@1.1.7
22 silly saveTree |   | | | | +-- hmac-drbg@1.0.1
22 silly saveTree |   | | | | | `-- minimalistic-crypto-utils@1.0.1
22 silly saveTree |   | | | | `-- minimalistic-crypto-utils@1.0.1
22 silly saveTree |   | | | +-- parse-asn1@5.1.6
22 silly saveTree |   | | | | +-- asn1.js@5.4.1
22 silly saveTree |   | | | | | `-- bn.js@4.12.0
22 silly saveTree |   | | | | `-- pbkdf2@3.1.2
22 silly saveTree |   | | | `-- readable-stream@3.6.0
22 silly saveTree |   | | +-- create-ecdh@4.0.4
22 silly saveTree |   | | | `-- bn.js@4.12.0
22 silly saveTree |   | | +-- create-hash@1.2.0
22 silly saveTree |   | | +-- create-hmac@1.1.7
22 silly saveTree |   | | +-- diffie-hellman@5.0.3
22 silly saveTree |   | | | +-- bn.js@4.12.0
22 silly saveTree |   | | | `-- miller-rabin@4.0.1
22 silly saveTree |   | | |   `-- bn.js@4.12.0
22 silly saveTree |   | | +-- pbkdf2@3.1.2
22 silly saveTree |   | | +-- public-encrypt@4.0.3
22 silly saveTree |   | | | `-- bn.js@4.12.0
22 silly saveTree |   | | +-- randombytes@2.1.0
22 silly saveTree |   | | `-- randomfill@1.0.4
22 silly saveTree |   | +-- domain-browser@1.2.0
22 silly saveTree |   | +-- events@3.3.0
22 silly saveTree |   | +-- https-browserify@1.0.0
22 silly saveTree |   | +-- os-browserify@0.3.0
22 silly saveTree |   | +-- path-browserify@0.0.1
22 silly saveTree |   | +-- process@0.11.10
22 silly saveTree |   | +-- punycode@1.4.1
22 silly saveTree |   | +-- querystring-es3@0.2.1
22 silly saveTree |   | +-- stream-browserify@2.0.2
22 silly saveTree |   | +-- stream-http@2.8.3
22 silly saveTree |   | | +-- builtin-status-codes@3.0.0
22 silly saveTree |   | | +-- to-arraybuffer@1.0.1
22 silly saveTree |   | | `-- xtend@4.0.2
22 silly saveTree |   | +-- timers-browserify@2.0.12
22 silly saveTree |   | | `-- setimmediate@1.0.5
22 silly saveTree |   | +-- tty-browserify@0.0.0
22 silly saveTree |   | +-- url@0.11.0
22 silly saveTree |   | | +-- punycode@1.3.2
22 silly saveTree |   | | `-- querystring@0.2.0
22 silly saveTree |   | +-- util@0.11.1
22 silly saveTree |   | | `-- inherits@2.0.3
22 silly saveTree |   | `-- vm-browserify@1.1.2
22 silly saveTree |   +-- schema-utils@1.0.0
22 silly saveTree |   | `-- ajv-errors@1.0.1
22 silly saveTree |   +-- tapable@1.1.3
22 silly saveTree |   +-- terser-webpack-plugin@1.4.5
22 silly saveTree |   | +-- cacache@12.0.4
22 silly saveTree |   | | +-- bluebird@3.7.2
22 silly saveTree |   | | +-- chownr@1.1.4
22 silly saveTree |   | | +-- figgy-pudding@3.5.2
22 silly saveTree |   | | +-- infer-owner@1.0.4
22 silly saveTree |   | | +-- lru-cache@5.1.1
22 silly saveTree |   | | | `-- yallist@3.1.1
22 silly saveTree |   | | +-- mississippi@3.0.0
22 silly saveTree |   | | | +-- concat-stream@1.6.2
22 silly saveTree |   | | | | +-- buffer-from@1.1.2
22 silly saveTree |   | | | | `-- typedarray@0.0.6
22 silly saveTree |   | | | +-- duplexify@3.7.1
22 silly saveTree |   | | | | `-- stream-shift@1.0.1
22 silly saveTree |   | | | +-- flush-write-stream@1.1.1
22 silly saveTree |   | | | +-- from2@2.3.0
22 silly saveTree |   | | | +-- parallel-transform@1.2.0
22 silly saveTree |   | | | | `-- cyclist@1.0.1
22 silly saveTree |   | | | +-- pumpify@1.5.1
22 silly saveTree |   | | | | `-- pump@2.0.1
22 silly saveTree |   | | | +-- stream-each@1.2.3
22 silly saveTree |   | | | `-- through2@2.0.5
22 silly saveTree |   | | +-- move-concurrently@1.0.1
22 silly saveTree |   | | | +-- aproba@1.2.0
22 silly saveTree |   | | | +-- copy-concurrently@1.0.5
22 silly saveTree |   | | | | +-- fs-write-stream-atomic@1.0.10
22 silly saveTree |   | | | | | +-- iferr@0.1.5
22 silly saveTree |   | | | | | `-- imurmurhash@0.1.4
22 silly saveTree |   | | | | +-- iferr@0.1.5
22 silly saveTree |   | | | | +-- rimraf@2.7.1
22 silly saveTree |   | | | | `-- run-queue@1.0.3
22 silly saveTree |   | | | +-- fs-write-stream-atomic@1.0.10
22 silly saveTree |   | | | +-- rimraf@2.7.1
22 silly saveTree |   | | | `-- run-queue@1.0.3
22 silly saveTree |   | | +-- promise-inflight@1.0.1
22 silly saveTree |   | | +-- rimraf@2.7.1
22 silly saveTree |   | | +-- ssri@6.0.2
22 silly saveTree |   | | +-- unique-filename@1.1.1
22 silly saveTree |   | | | `-- unique-slug@2.0.2
22 silly saveTree |   | | `-- y18n@4.0.3
22 silly saveTree |   | +-- find-cache-dir@2.1.0
22 silly saveTree |   | | +-- make-dir@2.1.0
22 silly saveTree |   | | | `-- pify@4.0.1
22 silly saveTree |   | | `-- pkg-dir@3.0.0
22 silly saveTree |   | |   `-- find-up@3.0.0
22 silly saveTree |   | |     `-- locate-path@3.0.0
22 silly saveTree |   | |       +-- p-locate@3.0.0
22 silly saveTree |   | |       `-- path-exists@3.0.0
22 silly saveTree |   | +-- serialize-javascript@4.0.0
22 silly saveTree |   | +-- source-map@0.6.1
22 silly saveTree |   | +-- terser@4.8.0
22 silly saveTree |   | | +-- commander@2.20.3
22 silly saveTree |   | | +-- source-map-support@0.5.21
22 silly saveTree |   | | | `-- source-map@0.6.1
22 silly saveTree |   | | `-- source-map@0.6.1
22 silly saveTree |   | +-- webpack-sources@1.4.3
22 silly saveTree |   | | +-- source-list-map@2.0.1
22 silly saveTree |   | | `-- source-map@0.6.1
22 silly saveTree |   | `-- worker-farm@1.7.0
22 silly saveTree |   +-- watchpack@1.7.5
22 silly saveTree |   | +-- chokidar@3.5.2
22 silly saveTree |   | | +-- anymatch@3.1.2
22 silly saveTree |   | | | +-- normalize-path@3.0.0
22 silly saveTree |   | | | `-- picomatch@2.3.0
22 silly saveTree |   | | +-- braces@3.0.2
22 silly saveTree |   | | | `-- fill-range@7.0.1
22 silly saveTree |   | | |   `-- to-regex-range@5.0.1
22 silly saveTree |   | | |     `-- is-number@7.0.0
22 silly saveTree |   | | +-- fsevents@2.3.2
22 silly saveTree |   | | +-- glob-parent@5.1.2
22 silly saveTree |   | | +-- is-binary-path@2.1.0
22 silly saveTree |   | | | `-- binary-extensions@2.2.0
22 silly saveTree |   | | +-- normalize-path@3.0.0
22 silly saveTree |   | | `-- readdirp@3.6.0
22 silly saveTree |   | `-- watchpack-chokidar2@2.0.1
22 silly saveTree |   |   `-- chokidar@2.1.8
22 silly saveTree |   |     +-- anymatch@2.0.0
22 silly saveTree |   |     | `-- normalize-path@2.1.1
22 silly saveTree |   |     |   `-- remove-trailing-separator@1.1.0
22 silly saveTree |   |     +-- async-each@1.0.3
22 silly saveTree |   |     +-- fsevents@1.2.13
22 silly saveTree |   |     | +-- bindings@1.5.0
22 silly saveTree |   |     | | `-- file-uri-to-path@1.0.0
22 silly saveTree |   |     | `-- nan@2.15.0
22 silly saveTree |   |     +-- glob-parent@3.1.0
22 silly saveTree |   |     | +-- is-glob@3.1.0
22 silly saveTree |   |     | `-- path-dirname@1.0.2
22 silly saveTree |   |     +-- is-binary-path@1.0.1
22 silly saveTree |   |     | `-- binary-extensions@1.13.1
22 silly saveTree |   |     +-- readdirp@2.2.1
22 silly saveTree |   |     `-- upath@1.2.0
22 silly saveTree |   `-- webpack-sources@1.4.3
22 silly saveTree +-- @vue/cli-plugin-eslint@4.5.15
22 silly saveTree | +-- eslint-loader@2.2.1
22 silly saveTree | | +-- loader-fs-cache@1.0.3
22 silly saveTree | | | `-- find-cache-dir@0.1.1
22 silly saveTree | | |   `-- pkg-dir@1.0.0
22 silly saveTree | | |     `-- find-up@1.1.2
22 silly saveTree | | |       +-- path-exists@2.1.0
22 silly saveTree | | |       | `-- pinkie-promise@2.0.1
22 silly saveTree | | |       |   `-- pinkie@2.0.4
22 silly saveTree | | |       `-- pinkie-promise@2.0.1
22 silly saveTree | | `-- object-hash@1.3.1
22 silly saveTree | +-- globby@9.2.0
22 silly saveTree | | +-- @types/glob@7.2.0
22 silly saveTree | | | +-- @types/minimatch@3.0.5
22 silly saveTree | | | `-- @types/node@16.11.11
22 silly saveTree | | +-- array-union@1.0.2
22 silly saveTree | | | `-- array-uniq@1.0.3
22 silly saveTree | | +-- dir-glob@2.2.2
22 silly saveTree | | | `-- path-type@3.0.0
22 silly saveTree | | |   `-- pify@3.0.0
22 silly saveTree | | +-- fast-glob@2.2.7
22 silly saveTree | | | +-- @mrmlnc/readdir-enhanced@2.2.1
22 silly saveTree | | | | +-- call-me-maybe@1.0.1
22 silly saveTree | | | | `-- glob-to-regexp@0.3.0
22 silly saveTree | | | +-- @nodelib/fs.stat@1.1.3
22 silly saveTree | | | +-- glob-parent@3.1.0
22 silly saveTree | | | | `-- is-glob@3.1.0
22 silly saveTree | | | `-- merge2@1.4.1
22 silly saveTree | | +-- ignore@4.0.6
22 silly saveTree | | `-- slash@2.0.0
22 silly saveTree | +-- inquirer@7.3.3
22 silly saveTree | | +-- ansi-escapes@4.3.2
22 silly saveTree | | | `-- type-fest@0.21.3
22 silly saveTree | | +-- chalk@4.1.2
22 silly saveTree | | | +-- ansi-styles@4.3.0
22 silly saveTree | | | | `-- color-convert@2.0.1
22 silly saveTree | | | |   `-- color-name@1.1.4
22 silly saveTree | | | `-- supports-color@7.2.0
22 silly saveTree | | |   `-- has-flag@4.0.0
22 silly saveTree | | +-- cli-cursor@3.1.0
22 silly saveTree | | | `-- restore-cursor@3.1.0
22 silly saveTree | | |   `-- onetime@5.1.2
22 silly saveTree | | |     `-- mimic-fn@2.1.0
22 silly saveTree | | +-- cli-width@3.0.0
22 silly saveTree | | +-- external-editor@3.1.0
22 silly saveTree | | | +-- chardet@0.7.0
22 silly saveTree | | | +-- iconv-lite@0.4.24
22 silly saveTree | | | `-- tmp@0.0.33
22 silly saveTree | | |   `-- os-tmpdir@1.0.2
22 silly saveTree | | +-- figures@3.2.0
22 silly saveTree | | +-- mute-stream@0.0.8
22 silly saveTree | | +-- run-async@2.4.1
22 silly saveTree | | +-- rxjs@6.6.7
22 silly saveTree | | +-- string-width@4.2.3
22 silly saveTree | | | +-- emoji-regex@8.0.0
22 silly saveTree | | | `-- is-fullwidth-code-point@3.0.0
22 silly saveTree | | `-- through@2.3.8
22 silly saveTree | `-- yorkie@2.0.0
22 silly saveTree |   +-- execa@0.8.0
22 silly saveTree |   | +-- cross-spawn@5.1.0
22 silly saveTree |   | | `-- lru-cache@4.1.5
22 silly saveTree |   | |   +-- pseudomap@1.0.2
22 silly saveTree |   | |   `-- yallist@2.1.2
22 silly saveTree |   | `-- get-stream@3.0.0
22 silly saveTree |   +-- is-ci@1.2.1
22 silly saveTree |   | `-- ci-info@1.6.0
22 silly saveTree |   +-- normalize-path@1.0.0
22 silly saveTree |   `-- strip-indent@2.0.0
22 silly saveTree +-- @vue/cli-plugin-router@4.5.15
22 silly saveTree +-- @vue/cli-plugin-typescript@4.5.15
22 silly saveTree | +-- @types/webpack-env@1.16.3
22 silly saveTree | +-- fork-ts-checker-webpack-plugin@3.1.1
22 silly saveTree | | +-- babel-code-frame@6.26.0
22 silly saveTree | | | +-- chalk@1.1.3
22 silly saveTree | | | | +-- ansi-styles@2.2.1
22 silly saveTree | | | | +-- has-ansi@2.0.0
22 silly saveTree | | | | | `-- ansi-regex@2.1.1
22 silly saveTree | | | | +-- strip-ansi@3.0.1
22 silly saveTree | | | | | `-- ansi-regex@2.1.1
22 silly saveTree | | | | `-- supports-color@2.0.0
22 silly saveTree | | | `-- js-tokens@3.0.2
22 silly saveTree | | `-- worker-rpc@0.1.1
22 silly saveTree | |   `-- microevent.ts@0.1.1
22 silly saveTree | +-- fork-ts-checker-webpack-plugin@5.2.1
22 silly saveTree | | +-- chalk@4.1.2
22 silly saveTree | | | +-- ansi-styles@4.3.0
22 silly saveTree | | | | `-- color-convert@2.0.1
22 silly saveTree | | | |   `-- color-name@1.1.4
22 silly saveTree | | | `-- supports-color@7.2.0
22 silly saveTree | | |   `-- has-flag@4.0.0
22 silly saveTree | | +-- cosmiconfig@6.0.0
22 silly saveTree | | | +-- @types/parse-json@4.0.0
22 silly saveTree | | | +-- import-fresh@3.3.0
22 silly saveTree | | | | +-- parent-module@1.0.1
22 silly saveTree | | | | | `-- callsites@3.1.0
22 silly saveTree | | | | `-- resolve-from@4.0.0
22 silly saveTree | | | +-- path-type@4.0.0
22 silly saveTree | | | `-- yaml@1.10.2
22 silly saveTree | | +-- deepmerge@4.2.2
22 silly saveTree | | +-- fs-extra@9.1.0
22 silly saveTree | | | +-- at-least-node@1.0.0
22 silly saveTree | | | +-- jsonfile@6.1.0
22 silly saveTree | | | | `-- universalify@2.0.0
22 silly saveTree | | | `-- universalify@2.0.0
22 silly saveTree | | +-- memfs@3.4.0
22 silly saveTree | | | `-- fs-monkey@1.0.3
22 silly saveTree | | +-- schema-utils@2.7.0
22 silly saveTree | | `-- semver@7.3.5
22 silly saveTree | +-- ts-loader@6.2.2
22 silly saveTree | | +-- micromatch@4.0.4
22 silly saveTree | | | `-- braces@3.0.2
22 silly saveTree | | |   `-- fill-range@7.0.1
22 silly saveTree | | |     `-- to-regex-range@5.0.1
22 silly saveTree | | |       `-- is-number@7.0.0
22 silly saveTree | | `-- semver@6.3.0
22 silly saveTree | `-- tslint@5.20.1
22 silly saveTree |   +-- builtin-modules@1.1.1
22 silly saveTree |   +-- diff@4.0.2
22 silly saveTree |   +-- js-yaml@3.14.1
22 silly saveTree |   | +-- argparse@1.0.10
22 silly saveTree |   | | `-- sprintf-js@1.0.3
22 silly saveTree |   | `-- esprima@4.0.1
22 silly saveTree |   `-- tsutils@2.29.0
22 silly saveTree +-- @vue/cli-service@4.5.15
22 silly saveTree | +-- @intervolga/optimize-cssnano-plugin@1.0.6
22 silly saveTree | | +-- cssnano-preset-default@4.0.8
22 silly saveTree | | | +-- css-declaration-sorter@4.0.1
22 silly saveTree | | | | +-- postcss@7.0.39
22 silly saveTree | | | | | +-- picocolors@0.2.1
22 silly saveTree | | | | | `-- source-map@0.6.1
22 silly saveTree | | | | `-- timsort@0.3.0
22 silly saveTree | | | +-- cssnano-util-raw-cache@4.0.1
22 silly saveTree | | | +-- postcss-calc@7.0.5
22 silly saveTree | | | | +-- postcss-selector-parser@6.0.6
22 silly saveTree | | | | | `-- cssesc@3.0.0
22 silly saveTree | | | | `-- postcss-value-parser@4.2.0
22 silly saveTree | | | +-- postcss-colormin@4.0.3
22 silly saveTree | | | | +-- color@3.2.1
22 silly saveTree | | | | | `-- color-string@1.9.0
22 silly saveTree | | | | |   `-- simple-swizzle@0.2.2
22 silly saveTree | | | | |     `-- is-arrayish@0.3.2
22 silly saveTree | | | | `-- postcss-value-parser@3.3.1
22 silly saveTree | | | +-- postcss-convert-values@4.0.1
22 silly saveTree | | | | `-- postcss-value-parser@3.3.1
22 silly saveTree | | | +-- postcss-discard-comments@4.0.2
22 silly saveTree | | | +-- postcss-discard-duplicates@4.0.2
22 silly saveTree | | | +-- postcss-discard-empty@4.0.1
22 silly saveTree | | | +-- postcss-discard-overridden@4.0.1
22 silly saveTree | | | +-- postcss-merge-longhand@4.0.11
22 silly saveTree | | | | +-- css-color-names@0.0.4
22 silly saveTree | | | | +-- postcss-value-parser@3.3.1
22 silly saveTree | | | | `-- stylehacks@4.0.3
22 silly saveTree | | | |   `-- postcss-selector-parser@3.1.2
22 silly saveTree | | | |     +-- dot-prop@5.3.0
22 silly saveTree | | | |     | `-- is-obj@2.0.0
22 silly saveTree | | | |     +-- indexes-of@1.0.1
22 silly saveTree | | | |     `-- uniq@1.0.1
22 silly saveTree | | | +-- postcss-merge-rules@4.0.3
22 silly saveTree | | | | +-- caniuse-api@3.0.0
22 silly saveTree | | | | | +-- lodash.memoize@4.1.2
22 silly saveTree | | | | | `-- lodash.uniq@4.5.0
22 silly saveTree | | | | +-- cssnano-util-same-parent@4.0.1
22 silly saveTree | | | | +-- postcss-selector-parser@3.1.2
22 silly saveTree | | | | `-- vendors@1.0.4
22 silly saveTree | | | +-- postcss-minify-font-values@4.0.2
22 silly saveTree | | | | `-- postcss-value-parser@3.3.1
22 silly saveTree | | | +-- postcss-minify-gradients@4.0.2
22 silly saveTree | | | | +-- cssnano-util-get-arguments@4.0.0
22 silly saveTree | | | | +-- is-color-stop@1.1.0
22 silly saveTree | | | | | +-- hex-color-regex@1.1.0
22 silly saveTree | | | | | +-- hsl-regex@1.0.0
22 silly saveTree | | | | | +-- hsla-regex@1.0.0
22 silly saveTree | | | | | +-- rgb-regex@1.0.1
22 silly saveTree | | | | | `-- rgba-regex@1.0.0
22 silly saveTree | | | | `-- postcss-value-parser@3.3.1
22 silly saveTree | | | +-- postcss-minify-params@4.0.2
22 silly saveTree | | | | +-- alphanum-sort@1.0.2
22 silly saveTree | | | | +-- postcss-value-parser@3.3.1
22 silly saveTree | | | | `-- uniqs@2.0.0
22 silly saveTree | | | +-- postcss-minify-selectors@4.0.2
22 silly saveTree | | | | `-- postcss-selector-parser@3.1.2
22 silly saveTree | | | +-- postcss-normalize-charset@4.0.1
22 silly saveTree | | | +-- postcss-normalize-display-values@4.0.2
22 silly saveTree | | | | +-- cssnano-util-get-match@4.0.0
22 silly saveTree | | | | `-- postcss-value-parser@3.3.1
22 silly saveTree | | | +-- postcss-normalize-positions@4.0.2
22 silly saveTree | | | | `-- postcss-value-parser@3.3.1
22 silly saveTree | | | +-- postcss-normalize-repeat-style@4.0.2
22 silly saveTree | | | | `-- postcss-value-parser@3.3.1
22 silly saveTree | | | +-- postcss-normalize-string@4.0.2
22 silly saveTree | | | | `-- postcss-value-parser@3.3.1
22 silly saveTree | | | +-- postcss-normalize-timing-functions@4.0.2
22 silly saveTree | | | | `-- postcss-value-parser@3.3.1
22 silly saveTree | | | +-- postcss-normalize-unicode@4.0.1
22 silly saveTree | | | | `-- postcss-value-parser@3.3.1
22 silly saveTree | | | +-- postcss-normalize-url@4.0.1
22 silly saveTree | | | | +-- is-absolute-url@2.1.0
22 silly saveTree | | | | +-- normalize-url@3.3.0
22 silly saveTree | | | | `-- postcss-value-parser@3.3.1
22 silly saveTree | | | +-- postcss-normalize-whitespace@4.0.2
22 silly saveTree | | | | `-- postcss-value-parser@3.3.1
22 silly saveTree | | | +-- postcss-ordered-values@4.1.2
22 silly saveTree | | | | `-- postcss-value-parser@3.3.1
22 silly saveTree | | | +-- postcss-reduce-initial@4.0.3
22 silly saveTree | | | +-- postcss-reduce-transforms@4.0.2
22 silly saveTree | | | | `-- postcss-value-parser@3.3.1
22 silly saveTree | | | +-- postcss-svgo@4.0.3
22 silly saveTree | | | | +-- postcss-value-parser@3.3.1
22 silly saveTree | | | | `-- svgo@1.3.2
22 silly saveTree | | | |   +-- coa@2.0.2
22 silly saveTree | | | |   | +-- @types/q@1.5.5
22 silly saveTree | | | |   | `-- q@1.5.1
22 silly saveTree | | | |   +-- css-select-base-adapter@0.1.1
22 silly saveTree | | | |   +-- css-select@2.1.0
22 silly saveTree | | | |   | +-- boolbase@1.0.0
22 silly saveTree | | | |   | +-- css-what@3.4.2
22 silly saveTree | | | |   | +-- domutils@1.7.0
22 silly saveTree | | | |   | | +-- dom-serializer@0.2.2
22 silly saveTree | | | |   | | | +-- domelementtype@2.2.0
22 silly saveTree | | | |   | | | `-- entities@2.2.0
22 silly saveTree | | | |   | | `-- domelementtype@1.3.1
22 silly saveTree | | | |   | `-- nth-check@1.0.2
22 silly saveTree | | | |   +-- css-tree@1.0.0-alpha.37
22 silly saveTree | | | |   | +-- mdn-data@2.0.4
22 silly saveTree | | | |   | `-- source-map@0.6.1
22 silly saveTree | | | |   +-- csso@4.2.0
22 silly saveTree | | | |   | `-- css-tree@1.1.3
22 silly saveTree | | | |   |   +-- mdn-data@2.0.14
22 silly saveTree | | | |   |   `-- source-map@0.6.1
22 silly saveTree | | | |   +-- object.values@1.1.5
22 silly saveTree | | | |   | `-- es-abstract@1.19.1
22 silly saveTree | | | |   |   +-- es-to-primitive@1.2.1
22 silly saveTree | | | |   |   | +-- is-callable@1.2.4
22 silly saveTree | | | |   |   | +-- is-date-object@1.0.5
22 silly saveTree | | | |   |   | | `-- has-tostringtag@1.0.0
22 silly saveTree | | | |   |   | `-- is-symbol@1.0.4
22 silly saveTree | | | |   |   +-- get-symbol-description@1.0.0
22 silly saveTree | | | |   |   +-- internal-slot@1.0.3
22 silly saveTree | | | |   |   | `-- side-channel@1.0.4
22 silly saveTree | | | |   |   |   `-- object-inspect@1.11.1
22 silly saveTree | | | |   |   +-- is-callable@1.2.4
22 silly saveTree | | | |   |   +-- is-negative-zero@2.0.1
22 silly saveTree | | | |   |   +-- is-regex@1.1.4
22 silly saveTree | | | |   |   +-- is-shared-array-buffer@1.0.1
22 silly saveTree | | | |   |   +-- is-string@1.0.7
22 silly saveTree | | | |   |   +-- is-weakref@1.0.1
22 silly saveTree | | | |   |   +-- object-inspect@1.11.1
22 silly saveTree | | | |   |   +-- string.prototype.trimend@1.0.4
22 silly saveTree | | | |   |   +-- string.prototype.trimstart@1.0.4
22 silly saveTree | | | |   |   `-- unbox-primitive@1.0.1
22 silly saveTree | | | |   |     +-- has-bigints@1.0.1
22 silly saveTree | | | |   |     `-- which-boxed-primitive@1.0.2
22 silly saveTree | | | |   |       +-- is-bigint@1.0.4
22 silly saveTree | | | |   |       +-- is-boolean-object@1.1.2
22 silly saveTree | | | |   |       `-- is-number-object@1.0.6
22 silly saveTree | | | |   +-- sax@1.2.4
22 silly saveTree | | | |   +-- stable@0.1.8
22 silly saveTree | | | |   +-- unquote@1.1.1
22 silly saveTree | | | |   `-- util.promisify@1.0.1
22 silly saveTree | | | |     `-- object.getownpropertydescriptors@2.1.3
22 silly saveTree | | | +-- postcss-unique-selectors@4.0.1
22 silly saveTree | | | `-- postcss@7.0.39
22 silly saveTree | | +-- cssnano@4.1.11
22 silly saveTree | | | +-- cosmiconfig@5.2.1
22 silly saveTree | | | | +-- import-fresh@2.0.0
22 silly saveTree | | | | | +-- caller-path@2.0.0
22 silly saveTree | | | | | | `-- caller-callsite@2.0.0
22 silly saveTree | | | | | |   `-- callsites@2.0.0
22 silly saveTree | | | | | `-- resolve-from@3.0.0
22 silly saveTree | | | | +-- is-directory@0.3.1
22 silly saveTree | | | | `-- parse-json@4.0.0
22 silly saveTree | | | `-- is-resolvable@1.1.0
22 silly saveTree | | `-- postcss@7.0.39
22 silly saveTree | +-- @soda/friendly-errors-webpack-plugin@1.8.1
22 silly saveTree | | +-- chalk@3.0.0
22 silly saveTree | | | +-- ansi-styles@4.3.0
22 silly saveTree | | | | `-- color-convert@2.0.1
22 silly saveTree | | | |   `-- color-name@1.1.4
22 silly saveTree | | | `-- supports-color@7.2.0
22 silly saveTree | | |   `-- has-flag@4.0.0
22 silly saveTree | | `-- error-stack-parser@2.0.6
22 silly saveTree | |   `-- stackframe@1.2.0
22 silly saveTree | +-- @soda/get-current-script@1.0.2
22 silly saveTree | +-- @types/minimist@1.2.2
22 silly saveTree | +-- @types/webpack-dev-server@3.11.6
22 silly saveTree | | +-- @types/connect-history-api-fallback@1.3.5
22 silly saveTree | | | `-- @types/express-serve-static-core@4.17.26
22 silly saveTree | | |   +-- @types/qs@6.9.7
22 silly saveTree | | |   `-- @types/range-parser@1.2.4
22 silly saveTree | | +-- @types/express@4.17.13
22 silly saveTree | | | +-- @types/body-parser@1.19.2
22 silly saveTree | | | | `-- @types/connect@3.4.35
22 silly saveTree | | | `-- @types/serve-static@1.13.10
22 silly saveTree | | |   `-- @types/mime@1.3.2
22 silly saveTree | | +-- @types/serve-static@1.13.10
22 silly saveTree | | +-- @types/webpack@4.41.32
22 silly saveTree | | | +-- @types/tapable@1.0.8
22 silly saveTree | | | +-- @types/uglify-js@3.13.1
22 silly saveTree | | | | `-- source-map@0.6.1
22 silly saveTree | | | +-- @types/webpack-sources@3.2.0
22 silly saveTree | | | | +-- @types/source-list-map@0.1.2
22 silly saveTree | | | | `-- source-map@0.7.3
22 silly saveTree | | | `-- source-map@0.6.1
22 silly saveTree | | `-- http-proxy-middleware@1.3.1
22 silly saveTree | |   +-- @types/http-proxy@1.17.7
22 silly saveTree | |   +-- http-proxy@1.18.1
22 silly saveTree | |   | +-- eventemitter3@4.0.7
22 silly saveTree | |   | +-- follow-redirects@1.14.5
22 silly saveTree | |   | `-- requires-port@1.0.0
22 silly saveTree | |   +-- is-plain-obj@3.0.0
22 silly saveTree | |   `-- micromatch@4.0.4
22 silly saveTree | |     `-- braces@3.0.2
22 silly saveTree | |       `-- fill-range@7.0.1
22 silly saveTree | |         `-- to-regex-range@5.0.1
22 silly saveTree | |           `-- is-number@7.0.0
22 silly saveTree | +-- @types/webpack@4.41.32
22 silly saveTree | +-- @vue/cli-overlay@4.5.15
22 silly saveTree | +-- @vue/cli-plugin-vuex@4.5.15
22 silly saveTree | +-- @vue/component-compiler-utils@3.3.0
22 silly saveTree | | +-- consolidate@0.15.1
22 silly saveTree | | +-- hash-sum@1.0.2
22 silly saveTree | | +-- lru-cache@4.1.5
22 silly saveTree | | | `-- yallist@2.1.2
22 silly saveTree | | +-- merge-source-map@1.1.0
22 silly saveTree | | | `-- source-map@0.6.1
22 silly saveTree | | +-- prettier@2.5.1
22 silly saveTree | | +-- source-map@0.6.1
22 silly saveTree | | `-- vue-template-es2015-compiler@1.9.1
22 silly saveTree | +-- @vue/preload-webpack-plugin@1.1.2
22 silly saveTree | +-- @vue/web-component-wrapper@1.3.0
22 silly saveTree | +-- acorn-walk@7.2.0
22 silly saveTree | +-- acorn@7.4.1
22 silly saveTree | +-- address@1.1.2
22 silly saveTree | +-- autoprefixer@9.8.8
22 silly saveTree | | +-- normalize-range@0.1.2
22 silly saveTree | | +-- num2fraction@1.2.2
22 silly saveTree | | `-- picocolors@0.2.1
22 silly saveTree | +-- case-sensitive-paths-webpack-plugin@2.4.0
22 silly saveTree | +-- cli-highlight@2.1.11
22 silly saveTree | | +-- chalk@4.1.2
22 silly saveTree | | | +-- ansi-styles@4.3.0
22 silly saveTree | | | | `-- color-convert@2.0.1
22 silly saveTree | | | |   `-- color-name@1.1.4
22 silly saveTree | | | `-- supports-color@7.2.0
22 silly saveTree | | |   `-- has-flag@4.0.0
22 silly saveTree | | +-- highlight.js@10.7.3
22 silly saveTree | | +-- mz@2.7.0
22 silly saveTree | | | +-- any-promise@1.3.0
22 silly saveTree | | | `-- thenify-all@1.6.0
22 silly saveTree | | |   `-- thenify@3.3.1
22 silly saveTree | | +-- parse5-htmlparser2-tree-adapter@6.0.1
22 silly saveTree | | | `-- parse5@6.0.1
22 silly saveTree | | +-- parse5@5.1.1
22 silly saveTree | | `-- yargs@16.2.0
22 silly saveTree | |   +-- cliui@7.0.4
22 silly saveTree | |   | `-- wrap-ansi@7.0.0
22 silly saveTree | |   |   `-- ansi-styles@4.3.0
22 silly saveTree | |   |     `-- color-convert@2.0.1
22 silly saveTree | |   |       `-- color-name@1.1.4
22 silly saveTree | |   +-- get-caller-file@2.0.5
22 silly saveTree | |   +-- require-directory@2.1.1
22 silly saveTree | |   +-- y18n@5.0.8
22 silly saveTree | |   `-- yargs-parser@20.2.9
22 silly saveTree | +-- clipboardy@2.3.0
22 silly saveTree | | +-- arch@2.2.0
22 silly saveTree | | `-- is-wsl@2.2.0
22 silly saveTree | |   `-- is-docker@2.2.1
22 silly saveTree | +-- cliui@6.0.0
22 silly saveTree | | `-- wrap-ansi@6.2.0
22 silly saveTree | |   `-- ansi-styles@4.3.0
22 silly saveTree | |     `-- color-convert@2.0.1
22 silly saveTree | |       `-- color-name@1.1.4
22 silly saveTree | +-- copy-webpack-plugin@5.1.2
22 silly saveTree | | +-- find-cache-dir@2.1.0
22 silly saveTree | | | +-- make-dir@2.1.0
22 silly saveTree | | | `-- pkg-dir@3.0.0
22 silly saveTree | | |   `-- find-up@3.0.0
22 silly saveTree | | |     `-- locate-path@3.0.0
22 silly saveTree | | |       +-- p-locate@3.0.0
22 silly saveTree | | |       `-- path-exists@3.0.0
22 silly saveTree | | +-- glob-parent@3.1.0
22 silly saveTree | | | `-- is-glob@3.1.0
22 silly saveTree | | +-- globby@7.1.1
22 silly saveTree | | | +-- ignore@3.3.10
22 silly saveTree | | | +-- pify@3.0.0
22 silly saveTree | | | `-- slash@1.0.0
22 silly saveTree | | +-- schema-utils@1.0.0
22 silly saveTree | | `-- webpack-log@2.0.0
22 silly saveTree | |   +-- ansi-colors@3.2.4
22 silly saveTree | |   `-- uuid@3.4.0
22 silly saveTree | +-- css-loader@3.6.0
22 silly saveTree | | +-- camelcase@5.3.1
22 silly saveTree | | +-- icss-utils@4.1.1
22 silly saveTree | | +-- postcss-modules-extract-imports@2.0.0
22 silly saveTree | | +-- postcss-modules-local-by-default@3.0.3
22 silly saveTree | | +-- postcss-modules-scope@2.2.0
22 silly saveTree | | +-- postcss-modules-values@3.0.0
22 silly saveTree | | `-- semver@6.3.0
22 silly saveTree | +-- cssnano@4.1.11
22 silly saveTree | +-- default-gateway@5.0.5
22 silly saveTree | | `-- execa@3.4.0
22 silly saveTree | |   +-- cross-spawn@7.0.3
22 silly saveTree | |   | +-- path-key@3.1.1
22 silly saveTree | |   | +-- shebang-command@2.0.0
22 silly saveTree | |   | | `-- shebang-regex@3.0.0
22 silly saveTree | |   | `-- which@2.0.2
22 silly saveTree | |   +-- get-stream@5.2.0
22 silly saveTree | |   +-- human-signals@1.1.1
22 silly saveTree | |   +-- is-stream@2.0.1
22 silly saveTree | |   +-- merge-stream@2.0.0
22 silly saveTree | |   +-- npm-run-path@4.0.1
22 silly saveTree | |   +-- onetime@5.1.2
22 silly saveTree | |   | `-- mimic-fn@2.1.0
22 silly saveTree | |   +-- p-finally@2.0.1
22 silly saveTree | |   `-- strip-final-newline@2.0.0
22 silly saveTree | +-- dotenv-expand@5.1.0
22 silly saveTree | +-- dotenv@8.6.0
22 silly saveTree | +-- file-loader@4.3.0
22 silly saveTree | +-- fs-extra@7.0.1
22 silly saveTree | | +-- jsonfile@4.0.0
22 silly saveTree | | `-- universalify@0.1.2
22 silly saveTree | +-- hash-sum@2.0.0
22 silly saveTree | +-- html-webpack-plugin@3.2.0
22 silly saveTree | | +-- html-minifier@3.5.21
22 silly saveTree | | | +-- camel-case@3.0.0
22 silly saveTree | | | | +-- no-case@2.3.2
22 silly saveTree | | | | | `-- lower-case@1.1.4
22 silly saveTree | | | | `-- upper-case@1.1.3
22 silly saveTree | | | +-- clean-css@4.2.4
22 silly saveTree | | | | `-- source-map@0.6.1
22 silly saveTree | | | +-- commander@2.17.1
22 silly saveTree | | | +-- he@1.2.0
22 silly saveTree | | | +-- param-case@2.1.1
22 silly saveTree | | | +-- relateurl@0.2.7
22 silly saveTree | | | `-- uglify-js@3.4.10
22 silly saveTree | | |   +-- commander@2.19.0
22 silly saveTree | | |   `-- source-map@0.6.1
22 silly saveTree | | +-- loader-utils@0.2.17
22 silly saveTree | | | +-- big.js@3.2.0
22 silly saveTree | | | +-- emojis-list@2.1.0
22 silly saveTree | | | `-- json5@0.5.1
22 silly saveTree | | +-- pretty-error@2.1.2
22 silly saveTree | | | `-- renderkid@2.0.7
22 silly saveTree | | |   +-- css-select@4.1.3
22 silly saveTree | | |   | +-- css-what@5.1.0
22 silly saveTree | | |   | +-- domhandler@4.3.0
22 silly saveTree | | |   | | `-- domelementtype@2.2.0
22 silly saveTree | | |   | +-- domutils@2.8.0
22 silly saveTree | | |   | | +-- dom-serializer@1.3.2
22 silly saveTree | | |   | | | `-- domelementtype@2.2.0
22 silly saveTree | | |   | | `-- domelementtype@2.2.0
22 silly saveTree | | |   | `-- nth-check@2.0.1
22 silly saveTree | | |   +-- dom-converter@0.2.0
22 silly saveTree | | |   | `-- utila@0.4.0
22 silly saveTree | | |   +-- htmlparser2@6.1.0
22 silly saveTree | | |   | +-- domelementtype@2.2.0
22 silly saveTree | | |   | `-- domutils@2.8.0
22 silly saveTree | | |   |   `-- dom-serializer@1.3.2
22 silly saveTree | | |   `-- strip-ansi@3.0.1
22 silly saveTree | | |     `-- ansi-regex@2.1.1
22 silly saveTree | | +-- toposort@1.0.7
22 silly saveTree | | `-- util.promisify@1.0.0
22 silly saveTree | +-- launch-editor-middleware@2.2.1
22 silly saveTree | +-- lodash.defaultsdeep@4.6.1
22 silly saveTree | +-- lodash.mapvalues@4.6.0
22 silly saveTree | +-- lodash.transform@4.6.0
22 silly saveTree | +-- mini-css-extract-plugin@0.9.0
22 silly saveTree | | +-- normalize-url@1.9.1
22 silly saveTree | | | +-- prepend-http@1.0.4
22 silly saveTree | | | +-- query-string@4.3.4
22 silly saveTree | | | | `-- strict-uri-encode@1.1.0
22 silly saveTree | | | `-- sort-keys@1.1.2
22 silly saveTree | | |   `-- is-plain-obj@1.1.0
22 silly saveTree | | `-- schema-utils@1.0.0
22 silly saveTree | +-- pnp-webpack-plugin@1.7.0
22 silly saveTree | | `-- ts-pnp@1.2.0
22 silly saveTree | +-- portfinder@1.0.28
22 silly saveTree | | +-- async@2.6.3
22 silly saveTree | | `-- debug@3.2.7
22 silly saveTree | |   `-- ms@2.1.3
22 silly saveTree | +-- postcss-loader@3.0.0
22 silly saveTree | | +-- postcss-load-config@2.1.2
22 silly saveTree | | | +-- cosmiconfig@5.2.1
22 silly saveTree | | | | +-- import-fresh@2.0.0
22 silly saveTree | | | | | `-- resolve-from@3.0.0
22 silly saveTree | | | | `-- parse-json@4.0.0
22 silly saveTree | | | `-- import-cwd@2.1.0
22 silly saveTree | | |   `-- import-from@2.1.0
22 silly saveTree | | |     `-- resolve-from@3.0.0
22 silly saveTree | | `-- schema-utils@1.0.0
22 silly saveTree | +-- ssri@8.0.1
22 silly saveTree | | `-- minipass@3.1.5
22 silly saveTree | +-- terser-webpack-plugin@1.4.5
22 silly saveTree | | +-- find-cache-dir@2.1.0
22 silly saveTree | | | +-- make-dir@2.1.0
22 silly saveTree | | | `-- pkg-dir@3.0.0
22 silly saveTree | | |   `-- find-up@3.0.0
22 silly saveTree | | |     `-- locate-path@3.0.0
22 silly saveTree | | |       +-- p-locate@3.0.0
22 silly saveTree | | |       `-- path-exists@3.0.0
22 silly saveTree | | +-- schema-utils@1.0.0
22 silly saveTree | | `-- source-map@0.6.1
22 silly saveTree | +-- url-loader@2.3.0
22 silly saveTree | | `-- mime@2.6.0
22 silly saveTree | +-- vue-loader@15.9.8
22 silly saveTree | | +-- hash-sum@1.0.2
22 silly saveTree | | +-- vue-hot-reload-api@2.3.4
22 silly saveTree | | `-- vue-style-loader@4.1.3
22 silly saveTree | |   `-- hash-sum@1.0.2
22 silly saveTree | +-- vue-loader@16.8.3
22 silly saveTree | | +-- chalk@4.1.2
22 silly saveTree | | | +-- ansi-styles@4.3.0
22 silly saveTree | | | | `-- color-convert@2.0.1
22 silly saveTree | | | |   `-- color-name@1.1.4
22 silly saveTree | | | `-- supports-color@7.2.0
22 silly saveTree | | |   `-- has-flag@4.0.0
22 silly saveTree | | `-- loader-utils@2.0.2
22 silly saveTree | +-- vue-style-loader@4.1.3
22 silly saveTree | +-- webpack-bundle-analyzer@3.9.0
22 silly saveTree | | +-- acorn@7.4.1
22 silly saveTree | | +-- bfj@6.1.2
22 silly saveTree | | | +-- check-types@8.0.3
22 silly saveTree | | | +-- hoopy@0.1.4
22 silly saveTree | | | `-- tryer@1.0.1
22 silly saveTree | | +-- ejs@2.7.4
22 silly saveTree | | +-- express@4.17.1
22 silly saveTree | | | +-- accepts@1.3.7
22 silly saveTree | | | | `-- negotiator@0.6.2
22 silly saveTree | | | +-- array-flatten@1.1.1
22 silly saveTree | | | +-- body-parser@1.19.0
22 silly saveTree | | | | +-- bytes@3.1.0
22 silly saveTree | | | | +-- content-type@1.0.4
22 silly saveTree | | | | +-- debug@2.6.9
22 silly saveTree | | | | | `-- ms@2.0.0
22 silly saveTree | | | | +-- depd@1.1.2
22 silly saveTree | | | | +-- http-errors@1.7.2
22 silly saveTree | | | | | +-- inherits@2.0.3
22 silly saveTree | | | | | +-- setprototypeof@1.1.1
22 silly saveTree | | | | | +-- statuses@1.5.0
22 silly saveTree | | | | | `-- toidentifier@1.0.0
22 silly saveTree | | | | +-- on-finished@2.3.0
22 silly saveTree | | | | | `-- ee-first@1.1.1
22 silly saveTree | | | | +-- qs@6.7.0
22 silly saveTree | | | | +-- raw-body@2.4.0
22 silly saveTree | | | | | `-- unpipe@1.0.0
22 silly saveTree | | | | `-- type-is@1.6.18
22 silly saveTree | | | |   `-- media-typer@0.3.0
22 silly saveTree | | | +-- content-disposition@0.5.3
22 silly saveTree | | | | `-- safe-buffer@5.1.2
22 silly saveTree | | | +-- content-type@1.0.4
22 silly saveTree | | | +-- cookie-signature@1.0.6
22 silly saveTree | | | +-- cookie@0.4.0
22 silly saveTree | | | +-- debug@2.6.9
22 silly saveTree | | | | `-- ms@2.0.0
22 silly saveTree | | | +-- depd@1.1.2
22 silly saveTree | | | +-- encodeurl@1.0.2
22 silly saveTree | | | +-- escape-html@1.0.3
22 silly saveTree | | | +-- etag@1.8.1
22 silly saveTree | | | +-- finalhandler@1.1.2
22 silly saveTree | | | | +-- debug@2.6.9
22 silly saveTree | | | | | `-- ms@2.0.0
22 silly saveTree | | | | `-- parseurl@1.3.3
22 silly saveTree | | | +-- fresh@0.5.2
22 silly saveTree | | | +-- merge-descriptors@1.0.1
22 silly saveTree | | | +-- methods@1.1.2
22 silly saveTree | | | +-- on-finished@2.3.0
22 silly saveTree | | | +-- parseurl@1.3.3
22 silly saveTree | | | +-- path-to-regexp@0.1.7
22 silly saveTree | | | +-- proxy-addr@2.0.7
22 silly saveTree | | | | +-- forwarded@0.2.0
22 silly saveTree | | | | `-- ipaddr.js@1.9.1
22 silly saveTree | | | +-- qs@6.7.0
22 silly saveTree | | | +-- range-parser@1.2.1
22 silly saveTree | | | +-- safe-buffer@5.1.2
22 silly saveTree | | | +-- send@0.17.1
22 silly saveTree | | | | +-- debug@2.6.9
22 silly saveTree | | | | | `-- ms@2.0.0
22 silly saveTree | | | | +-- destroy@1.0.4
22 silly saveTree | | | | +-- mime@1.6.0
22 silly saveTree | | | | `-- ms@2.1.1
22 silly saveTree | | | +-- serve-static@1.14.1
22 silly saveTree | | | +-- setprototypeof@1.1.1
22 silly saveTree | | | +-- statuses@1.5.0
22 silly saveTree | | | +-- type-is@1.6.18
22 silly saveTree | | | +-- utils-merge@1.0.1
22 silly saveTree | | | `-- vary@1.1.2
22 silly saveTree | | +-- filesize@3.6.1
22 silly saveTree | | +-- gzip-size@5.1.1
22 silly saveTree | | | `-- duplexer@0.1.2
22 silly saveTree | | +-- opener@1.5.2
22 silly saveTree | | `-- ws@6.2.2
22 silly saveTree | |   `-- async-limiter@1.0.1
22 silly saveTree | +-- webpack-chain@6.5.1
22 silly saveTree | | +-- deepmerge@1.5.2
22 silly saveTree | | `-- javascript-stringify@2.1.0
22 silly saveTree | +-- webpack-dev-server@3.11.3
22 silly saveTree | | +-- ansi-html-community@0.0.8
22 silly saveTree | | +-- bonjour@3.5.0
22 silly saveTree | | | +-- array-flatten@2.1.2
22 silly saveTree | | | +-- deep-equal@1.1.1
22 silly saveTree | | | | +-- is-arguments@1.1.1
22 silly saveTree | | | | +-- object-is@1.1.5
22 silly saveTree | | | | `-- regexp.prototype.flags@1.3.1
22 silly saveTree | | | +-- dns-equal@1.0.0
22 silly saveTree | | | +-- dns-txt@2.0.2
22 silly saveTree | | | | `-- buffer-indexof@1.1.1
22 silly saveTree | | | +-- multicast-dns-service-types@1.1.0
22 silly saveTree | | | `-- multicast-dns@6.2.3
22 silly saveTree | | |   +-- dns-packet@1.3.4
22 silly saveTree | | |   | `-- ip@1.1.5
22 silly saveTree | | |   `-- thunky@1.1.0
22 silly saveTree | | +-- chokidar@2.1.8
22 silly saveTree | | | +-- anymatch@2.0.0
22 silly saveTree | | | | `-- normalize-path@2.1.1
22 silly saveTree | | | +-- fsevents@1.2.13
22 silly saveTree | | | +-- glob-parent@3.1.0
22 silly saveTree | | | | `-- is-glob@3.1.0
22 silly saveTree | | | +-- is-binary-path@1.0.1
22 silly saveTree | | | | `-- binary-extensions@1.13.1
22 silly saveTree | | | `-- readdirp@2.2.1
22 silly saveTree | | +-- compression@1.7.4
22 silly saveTree | | | +-- bytes@3.0.0
22 silly saveTree | | | +-- compressible@2.0.18
22 silly saveTree | | | +-- debug@2.6.9
22 silly saveTree | | | | `-- ms@2.0.0
22 silly saveTree | | | +-- on-headers@1.0.2
22 silly saveTree | | | `-- safe-buffer@5.1.2
22 silly saveTree | | +-- connect-history-api-fallback@1.6.0
22 silly saveTree | | +-- del@4.1.1
22 silly saveTree | | | +-- globby@6.1.0
22 silly saveTree | | | | `-- pify@2.3.0
22 silly saveTree | | | +-- is-path-cwd@2.2.0
22 silly saveTree | | | +-- is-path-in-cwd@2.1.0
22 silly saveTree | | | | `-- is-path-inside@2.1.0
22 silly saveTree | | | |   `-- path-is-inside@1.0.2
22 silly saveTree | | | `-- p-map@2.1.0
22 silly saveTree | | +-- html-entities@1.4.0
22 silly saveTree | | +-- http-proxy-middleware@0.19.1
22 silly saveTree | | +-- import-local@2.0.0
22 silly saveTree | | | +-- pkg-dir@3.0.0
22 silly saveTree | | | | `-- find-up@3.0.0
22 silly saveTree | | | |   `-- locate-path@3.0.0
22 silly saveTree | | | |     +-- p-locate@3.0.0
22 silly saveTree | | | |     `-- path-exists@3.0.0
22 silly saveTree | | | `-- resolve-cwd@2.0.0
22 silly saveTree | | |   `-- resolve-from@3.0.0
22 silly saveTree | | +-- internal-ip@4.3.0
22 silly saveTree | | | `-- default-gateway@4.2.0
22 silly saveTree | | |   `-- ip-regex@2.1.0
22 silly saveTree | | +-- ip@1.1.5
22 silly saveTree | | +-- is-absolute-url@3.0.3
22 silly saveTree | | +-- killable@1.0.1
22 silly saveTree | | +-- loglevel@1.8.0
22 silly saveTree | | +-- opn@5.5.0
22 silly saveTree | | +-- p-retry@3.0.1
22 silly saveTree | | | `-- retry@0.12.0
22 silly saveTree | | +-- schema-utils@1.0.0
22 silly saveTree | | +-- selfsigned@1.10.11
22 silly saveTree | | | `-- node-forge@0.10.0
22 silly saveTree | | +-- semver@6.3.0
22 silly saveTree | | +-- serve-index@1.9.1
22 silly saveTree | | | +-- batch@0.6.1
22 silly saveTree | | | +-- debug@2.6.9
22 silly saveTree | | | | `-- ms@2.0.0
22 silly saveTree | | | `-- http-errors@1.6.3
22 silly saveTree | | |   +-- inherits@2.0.3
22 silly saveTree | | |   `-- setprototypeof@1.1.0
22 silly saveTree | | +-- sockjs-client@1.5.2
22 silly saveTree | | | +-- debug@3.2.7
22 silly saveTree | | | +-- eventsource@1.1.0
22 silly saveTree | | | | `-- original@1.0.2
22 silly saveTree | | | |   `-- url-parse@1.5.3
22 silly saveTree | | | |     `-- querystringify@2.2.0
22 silly saveTree | | | +-- faye-websocket@0.11.4
22 silly saveTree | | | | `-- websocket-driver@0.7.4
22 silly saveTree | | | |   +-- http-parser-js@0.5.5
22 silly saveTree | | | |   `-- websocket-extensions@0.1.4
22 silly saveTree | | | +-- json3@3.3.3
22 silly saveTree | | | `-- url-parse@1.5.3
22 silly saveTree | | +-- sockjs@0.3.24
22 silly saveTree | | | `-- uuid@8.3.2
22 silly saveTree | | +-- spdy@4.0.2
22 silly saveTree | | | +-- handle-thing@2.0.1
22 silly saveTree | | | +-- http-deceiver@1.2.7
22 silly saveTree | | | +-- select-hose@2.0.0
22 silly saveTree | | | `-- spdy-transport@3.0.0
22 silly saveTree | | |   +-- detect-node@2.1.0
22 silly saveTree | | |   +-- hpack.js@2.1.6
22 silly saveTree | | |   | +-- obuf@1.1.2
22 silly saveTree | | |   | `-- wbuf@1.7.3
22 silly saveTree | | |   +-- obuf@1.1.2
22 silly saveTree | | |   +-- readable-stream@3.6.0
22 silly saveTree | | |   `-- wbuf@1.7.3
22 silly saveTree | | +-- strip-ansi@3.0.1
22 silly saveTree | | | `-- ansi-regex@2.1.1
22 silly saveTree | | +-- supports-color@6.1.0
22 silly saveTree | | +-- webpack-dev-middleware@3.7.3
22 silly saveTree | | `-- yargs@13.3.2
22 silly saveTree | |   +-- cliui@5.0.0
22 silly saveTree | |   | +-- string-width@3.1.0
22 silly saveTree | |   | | +-- emoji-regex@7.0.3
22 silly saveTree | |   | | +-- is-fullwidth-code-point@2.0.0
22 silly saveTree | |   | | `-- strip-ansi@5.2.0
22 silly saveTree | |   | |   `-- ansi-regex@4.1.0
22 silly saveTree | |   | +-- strip-ansi@5.2.0
22 silly saveTree | |   | | `-- ansi-regex@4.1.0
22 silly saveTree | |   | `-- wrap-ansi@5.1.0
22 silly saveTree | |   |   `-- strip-ansi@5.2.0
22 silly saveTree | |   |     `-- ansi-regex@4.1.0
22 silly saveTree | |   +-- find-up@3.0.0
22 silly saveTree | |   | `-- locate-path@3.0.0
22 silly saveTree | |   |   +-- p-locate@3.0.0
22 silly saveTree | |   |   `-- path-exists@3.0.0
22 silly saveTree | |   +-- require-main-filename@2.0.0
22 silly saveTree | |   +-- set-blocking@2.0.0
22 silly saveTree | |   +-- string-width@3.1.0
22 silly saveTree | |   +-- which-module@2.0.0
22 silly saveTree | |   `-- yargs-parser@13.1.2
22 silly saveTree | |     +-- camelcase@5.3.1
22 silly saveTree | |     `-- decamelize@1.2.0
22 silly saveTree | `-- webpack-merge@4.2.2
22 silly saveTree +-- @vue/eslint-config-typescript@5.1.0
22 silly saveTree | `-- vue-eslint-parser@7.11.0
22 silly saveTree |   +-- espree@6.2.1
22 silly saveTree |   | +-- acorn-jsx@5.3.2
22 silly saveTree |   | `-- acorn@7.4.1
22 silly saveTree |   +-- esquery@1.4.0
22 silly saveTree |   | `-- estraverse@5.3.0
22 silly saveTree |   `-- semver@6.3.0
22 silly saveTree +-- ant-design-vue@1.7.8
22 silly saveTree | +-- @ant-design/icons-vue@2.0.0
22 silly saveTree | | +-- @ant-design/colors@3.2.2
22 silly saveTree | | | `-- tinycolor2@1.4.2
22 silly saveTree | | `-- babel-runtime@6.26.0
22 silly saveTree | |   +-- core-js@2.6.12
22 silly saveTree | |   `-- regenerator-runtime@0.11.1
22 silly saveTree | +-- @ant-design/icons@2.1.1
22 silly saveTree | +-- @simonwep/pickr@1.7.4
22 silly saveTree | | `-- nanopop@2.1.0
22 silly saveTree | +-- add-dom-event-listener@1.1.0
22 silly saveTree | +-- array-tree-filter@2.1.0
22 silly saveTree | +-- async-validator@3.5.2
22 silly saveTree | +-- babel-helper-vue-jsx-merge-props@2.0.3
22 silly saveTree | +-- babel-runtime@6.26.0
22 silly saveTree | +-- classnames@2.3.1
22 silly saveTree | +-- component-classes@1.2.6
22 silly saveTree | | `-- component-indexof@0.0.3
22 silly saveTree | +-- dom-align@1.12.2
22 silly saveTree | +-- dom-closest@0.2.0
22 silly saveTree | | `-- dom-matches@2.0.0
22 silly saveTree | +-- dom-scroll-into-view@2.0.1
22 silly saveTree | +-- enquire.js@2.1.6
22 silly saveTree | +-- intersperse@1.0.0
22 silly saveTree | +-- is-mobile@2.2.2
22 silly saveTree | +-- ismobilejs@1.1.1
22 silly saveTree | +-- json2mq@0.2.0
22 silly saveTree | | `-- string-convert@0.2.1
22 silly saveTree | +-- moment@2.29.1
22 silly saveTree | +-- mutationobserver-shim@0.3.7
22 silly saveTree | +-- node-emoji@1.11.0
22 silly saveTree | +-- omit.js@1.0.2
22 silly saveTree | +-- raf@3.4.1
22 silly saveTree | +-- resize-observer-polyfill@1.5.1
22 silly saveTree | +-- shallow-equal@1.2.1
22 silly saveTree | +-- shallowequal@1.1.0
22 silly saveTree | +-- vue-ref@2.0.0
22 silly saveTree | `-- warning@4.0.3
22 silly saveTree |   `-- loose-envify@1.4.0
22 silly saveTree +-- babel-eslint@10.1.0
22 silly saveTree +-- babel-plugin-import@1.13.3
22 silly saveTree +-- core-js@3.19.3
22 silly saveTree +-- eslint-plugin-vue@6.2.2
22 silly saveTree | `-- natural-compare@1.4.0
22 silly saveTree +-- eslint@6.8.0
22 silly saveTree | +-- doctrine@3.0.0
22 silly saveTree | +-- eslint-utils@1.4.3
22 silly saveTree | +-- file-entry-cache@5.0.1
22 silly saveTree | | `-- flat-cache@2.0.1
22 silly saveTree | |   +-- flatted@2.0.2
22 silly saveTree | |   +-- rimraf@2.6.3
22 silly saveTree | |   `-- write@1.0.3
22 silly saveTree | +-- globals@12.4.0
22 silly saveTree | | `-- type-fest@0.8.1
22 silly saveTree | +-- json-stable-stringify-without-jsonify@1.0.1
22 silly saveTree | +-- levn@0.3.0
22 silly saveTree | | +-- prelude-ls@1.1.2
22 silly saveTree | | `-- type-check@0.3.2
22 silly saveTree | +-- optionator@0.8.3
22 silly saveTree | | +-- deep-is@0.1.4
22 silly saveTree | | +-- fast-levenshtein@2.0.6
22 silly saveTree | | `-- word-wrap@1.2.3
22 silly saveTree | +-- progress@2.0.3
22 silly saveTree | +-- regexpp@2.0.1
22 silly saveTree | +-- semver@6.3.0
22 silly saveTree | +-- strip-ansi@5.2.0
22 silly saveTree | +-- strip-json-comments@3.1.1
22 silly saveTree | +-- table@5.4.6
22 silly saveTree | | +-- slice-ansi@2.1.0
22 silly saveTree | | | +-- astral-regex@1.0.0
22 silly saveTree | | | `-- is-fullwidth-code-point@2.0.0
22 silly saveTree | | `-- string-width@3.1.0
22 silly saveTree | |   +-- emoji-regex@7.0.3
22 silly saveTree | |   +-- is-fullwidth-code-point@2.0.0
22 silly saveTree | |   `-- strip-ansi@5.2.0
22 silly saveTree | +-- text-table@0.2.0
22 silly saveTree | `-- v8-compile-cache@2.3.0
22 silly saveTree +-- file-saver@1.3.8
22 silly saveTree +-- jsonwebtoken@8.5.1
22 silly saveTree | +-- jws@3.2.2
22 silly saveTree | | `-- jwa@1.4.1
22 silly saveTree | |   +-- buffer-equal-constant-time@1.0.1
22 silly saveTree | |   `-- ecdsa-sig-formatter@1.0.11
22 silly saveTree | +-- lodash.includes@4.3.0
22 silly saveTree | +-- lodash.isboolean@3.0.3
22 silly saveTree | +-- lodash.isinteger@4.0.4
22 silly saveTree | +-- lodash.isnumber@3.0.3
22 silly saveTree | +-- lodash.isplainobject@4.0.6
22 silly saveTree | +-- lodash.isstring@4.0.1
22 silly saveTree | `-- lodash.once@4.1.1
22 silly saveTree +-- less-loader@7.3.0
22 silly saveTree | +-- klona@2.0.5
22 silly saveTree | +-- loader-utils@2.0.2
22 silly saveTree | `-- schema-utils@3.1.1
22 silly saveTree +-- less@3.13.1
22 silly saveTree | +-- copy-anything@2.0.3
22 silly saveTree | | `-- is-what@3.14.1
22 silly saveTree | +-- image-size@0.5.5
22 silly saveTree | +-- make-dir@2.1.0
22 silly saveTree | +-- mime@1.6.0
22 silly saveTree | +-- native-request@1.1.0
22 silly saveTree | `-- source-map@0.6.1
22 silly saveTree +-- rxjs@6.6.7
22 silly saveTree +-- terser-webpack-plugin@4.2.3
22 silly saveTree | +-- cacache@15.3.0
22 silly saveTree | | +-- @npmcli/fs@1.0.0
22 silly saveTree | | | +-- @gar/promisify@1.1.2
22 silly saveTree | | | `-- semver@7.3.5
22 silly saveTree | | +-- @npmcli/move-file@1.1.2
22 silly saveTree | | | +-- mkdirp@1.0.4
22 silly saveTree | | | `-- rimraf@3.0.2
22 silly saveTree | | +-- chownr@2.0.0
22 silly saveTree | | +-- fs-minipass@2.1.0
22 silly saveTree | | +-- minipass-collect@1.0.2
22 silly saveTree | | +-- minipass-flush@1.0.5
22 silly saveTree | | +-- minipass-pipeline@1.2.4
22 silly saveTree | | +-- mkdirp@1.0.4
22 silly saveTree | | +-- p-map@4.0.0
22 silly saveTree | | | `-- aggregate-error@3.1.0
22 silly saveTree | | |   +-- clean-stack@2.2.0
22 silly saveTree | | |   `-- indent-string@4.0.0
22 silly saveTree | | +-- rimraf@3.0.2
22 silly saveTree | | +-- ssri@8.0.1
22 silly saveTree | | `-- tar@6.1.11
22 silly saveTree | |   +-- chownr@2.0.0
22 silly saveTree | |   +-- minizlib@2.1.2
22 silly saveTree | |   `-- mkdirp@1.0.4
22 silly saveTree | +-- jest-worker@26.6.2
22 silly saveTree | | `-- supports-color@7.2.0
22 silly saveTree | |   `-- has-flag@4.0.0
22 silly saveTree | +-- p-limit@3.1.0
22 silly saveTree | | `-- yocto-queue@0.1.0
22 silly saveTree | +-- schema-utils@3.1.1
22 silly saveTree | +-- serialize-javascript@5.0.1
22 silly saveTree | +-- source-map@0.6.1
22 silly saveTree | `-- terser@5.10.0
22 silly saveTree |   `-- source-map@0.7.3
22 silly saveTree +-- typescript@3.9.10
22 silly saveTree +-- vue-class-component@7.2.6
22 silly saveTree +-- vue-property-decorator@8.5.1
22 silly saveTree +-- vue-router@3.5.3
22 silly saveTree +-- vue-rx@6.2.0
22 silly saveTree +-- vue-template-compiler@2.6.14
22 silly saveTree | `-- de-indent@1.0.2
22 silly saveTree +-- vue-uuid@2.0.2
22 silly saveTree | `-- @types/uuid@8.3.3
22 silly saveTree `-- vue@2.6.14
23 verbose type version
24 verbose stack @fubonlife/ipk-api-axios-sdk: No matching version found for @fubonlife/ipk-api-axios-sdk@1.2.1.
24 verbose stack     at pickManifest (D:\20210115\nodejs\v14.15.4\node_modules\npm\node_modules\npm-pick-manifest\index.js:122:13)
24 verbose stack     at D:\20210115\nodejs\v14.15.4\node_modules\npm\node_modules\pacote\lib\fetchers\registry\manifest.js:24:14
24 verbose stack     at tryCatcher (D:\20210115\nodejs\v14.15.4\node_modules\npm\node_modules\bluebird\js\release\util.js:16:23)
24 verbose stack     at Promise._settlePromiseFromHandler (D:\20210115\nodejs\v14.15.4\node_modules\npm\node_modules\bluebird\js\release\promise.js:517:31)
24 verbose stack     at Promise._settlePromise (D:\20210115\nodejs\v14.15.4\node_modules\npm\node_modules\bluebird\js\release\promise.js:574:18)
24 verbose stack     at Promise._settlePromiseCtx (D:\20210115\nodejs\v14.15.4\node_modules\npm\node_modules\bluebird\js\release\promise.js:611:10)
24 verbose stack     at _drainQueueStep (D:\20210115\nodejs\v14.15.4\node_modules\npm\node_modules\bluebird\js\release\async.js:142:12)
24 verbose stack     at _drainQueue (D:\20210115\nodejs\v14.15.4\node_modules\npm\node_modules\bluebird\js\release\async.js:131:9)
24 verbose stack     at Async._drainQueues (D:\20210115\nodejs\v14.15.4\node_modules\npm\node_modules\bluebird\js\release\async.js:147:5)
24 verbose stack     at Immediate.Async.drainQueues [as _onImmediate] (D:\20210115\nodejs\v14.15.4\node_modules\npm\node_modules\bluebird\js\release\async.js:17:14)
24 verbose stack     at processImmediate (internal/timers.js:461:21)
25 verbose cwd C:\Users\B0132\IPK workspace\ipk-web
26 verbose Windows_NT 10.0.14393
27 verbose argv "D:\\20210115\\nodejs\\v14.15.4\\node.exe" "D:\\20210115\\nodejs\\v14.15.4\\node_modules\\npm\\bin\\npm-cli.js" "install"
28 verbose node v14.15.4
29 verbose npm  v6.14.10
30 error code ETARGET
31 error notarget No matching version found for @fubonlife/ipk-api-axios-sdk@1.2.1.
32 error notarget In most cases you or one of your dependencies are requesting
32 error notarget a package version that doesn't exist.
32 error notarget
32 error notarget It was specified as a dependency of 'ipk-web'
33 verbose exit [ 1, true ]
